/u/cygong/anaconda/envs/dgx/lib/python3.8/site-packages/PIL/TiffImagePlugin.py:792: UserWarning: Corrupt EXIF data.  Expecting to read 4 bytes but only got 0. 
  warnings.warn(str(msg))
/u/cygong/anaconda/envs/dgx/lib/python3.8/site-packages/PIL/TiffImagePlugin.py:792: UserWarning: Corrupt EXIF data.  Expecting to read 4 bytes but only got 0. 
  warnings.warn(str(msg))
/u/cygong/anaconda/envs/dgx/lib/python3.8/site-packages/PIL/TiffImagePlugin.py:792: UserWarning: Corrupt EXIF data.  Expecting to read 4 bytes but only got 0. 
  warnings.warn(str(msg))
/u/cygong/anaconda/envs/dgx/lib/python3.8/site-packages/PIL/TiffImagePlugin.py:792: UserWarning: Corrupt EXIF data.  Expecting to read 4 bytes but only got 0. 
  warnings.warn(str(msg))
/u/cygong/anaconda/envs/dgx/lib/python3.8/site-packages/PIL/TiffImagePlugin.py:792: UserWarning: Corrupt EXIF data.  Expecting to read 4 bytes but only got 0. 
  warnings.warn(str(msg))
/u/cygong/anaconda/envs/dgx/lib/python3.8/site-packages/PIL/TiffImagePlugin.py:792: UserWarning: Corrupt EXIF data.  Expecting to read 4 bytes but only got 0. 
  warnings.warn(str(msg))
/u/cygong/anaconda/envs/dgx/lib/python3.8/site-packages/PIL/TiffImagePlugin.py:792: UserWarning: Corrupt EXIF data.  Expecting to read 4 bytes but only got 0. 
  warnings.warn(str(msg))
/u/cygong/anaconda/envs/dgx/lib/python3.8/site-packages/PIL/TiffImagePlugin.py:792: UserWarning: Corrupt EXIF data.  Expecting to read 4 bytes but only got 0. 
  warnings.warn(str(msg))
/u/cygong/anaconda/envs/dgx/lib/python3.8/site-packages/PIL/TiffImagePlugin.py:792: UserWarning: Corrupt EXIF data.  Expecting to read 4 bytes but only got 0. 
  warnings.warn(str(msg))
/u/cygong/anaconda/envs/dgx/lib/python3.8/site-packages/PIL/TiffImagePlugin.py:792: UserWarning: Corrupt EXIF data.  Expecting to read 4 bytes but only got 0. 
  warnings.warn(str(msg))
/u/cygong/anaconda/envs/dgx/lib/python3.8/site-packages/PIL/TiffImagePlugin.py:792: UserWarning: Corrupt EXIF data.  Expecting to read 4 bytes but only got 0. 
  warnings.warn(str(msg))
/u/cygong/anaconda/envs/dgx/lib/python3.8/site-packages/PIL/TiffImagePlugin.py:792: UserWarning: Corrupt EXIF data.  Expecting to read 4 bytes but only got 0. 
  warnings.warn(str(msg))
/u/cygong/anaconda/envs/dgx/lib/python3.8/site-packages/PIL/TiffImagePlugin.py:792: UserWarning: Corrupt EXIF data.  Expecting to read 4 bytes but only got 0. 
  warnings.warn(str(msg))
/u/cygong/anaconda/envs/dgx/lib/python3.8/site-packages/PIL/TiffImagePlugin.py:792: UserWarning: Corrupt EXIF data.  Expecting to read 4 bytes but only got 0. 
  warnings.warn(str(msg))
/u/cygong/anaconda/envs/dgx/lib/python3.8/site-packages/PIL/TiffImagePlugin.py:792: UserWarning: Corrupt EXIF data.  Expecting to read 4 bytes but only got 0. 
  warnings.warn(str(msg))
/u/cygong/anaconda/envs/dgx/lib/python3.8/site-packages/PIL/TiffImagePlugin.py:792: UserWarning: Corrupt EXIF data.  Expecting to read 4 bytes but only got 0. 
  warnings.warn(str(msg))
/u/cygong/anaconda/envs/dgx/lib/python3.8/site-packages/PIL/TiffImagePlugin.py:792: UserWarning: Corrupt EXIF data.  Expecting to read 4 bytes but only got 0. 
  warnings.warn(str(msg))
/u/cygong/anaconda/envs/dgx/lib/python3.8/site-packages/PIL/TiffImagePlugin.py:792: UserWarning: Corrupt EXIF data.  Expecting to read 4 bytes but only got 0. 
  warnings.warn(str(msg))
/u/cygong/anaconda/envs/dgx/lib/python3.8/site-packages/PIL/TiffImagePlugin.py:792: UserWarning: Corrupt EXIF data.  Expecting to read 4 bytes but only got 0. 
  warnings.warn(str(msg))
/u/cygong/anaconda/envs/dgx/lib/python3.8/site-packages/PIL/TiffImagePlugin.py:792: UserWarning: Corrupt EXIF data.  Expecting to read 4 bytes but only got 0. 
  warnings.warn(str(msg))
/u/cygong/anaconda/envs/dgx/lib/python3.8/site-packages/PIL/TiffImagePlugin.py:792: UserWarning: Corrupt EXIF data.  Expecting to read 4 bytes but only got 0. 
  warnings.warn(str(msg))
/u/cygong/anaconda/envs/dgx/lib/python3.8/site-packages/PIL/TiffImagePlugin.py:792: UserWarning: Corrupt EXIF data.  Expecting to read 4 bytes but only got 0. 
  warnings.warn(str(msg))
/u/cygong/anaconda/envs/dgx/lib/python3.8/site-packages/PIL/TiffImagePlugin.py:792: UserWarning: Corrupt EXIF data.  Expecting to read 4 bytes but only got 0. 
  warnings.warn(str(msg))
/u/cygong/anaconda/envs/dgx/lib/python3.8/site-packages/PIL/TiffImagePlugin.py:792: UserWarning: Corrupt EXIF data.  Expecting to read 4 bytes but only got 0. 
  warnings.warn(str(msg))
/u/cygong/anaconda/envs/dgx/lib/python3.8/site-packages/PIL/TiffImagePlugin.py:792: UserWarning: Corrupt EXIF data.  Expecting to read 4 bytes but only got 0. 
  warnings.warn(str(msg))
/u/cygong/anaconda/envs/dgx/lib/python3.8/site-packages/PIL/TiffImagePlugin.py:792: UserWarning: Corrupt EXIF data.  Expecting to read 4 bytes but only got 0. 
  warnings.warn(str(msg))
/u/cygong/anaconda/envs/dgx/lib/python3.8/site-packages/PIL/TiffImagePlugin.py:792: UserWarning: Corrupt EXIF data.  Expecting to read 4 bytes but only got 0. 
  warnings.warn(str(msg))
/u/cygong/anaconda/envs/dgx/lib/python3.8/site-packages/PIL/TiffImagePlugin.py:792: UserWarning: Corrupt EXIF data.  Expecting to read 4 bytes but only got 0. 
  warnings.warn(str(msg))
/u/cygong/anaconda/envs/dgx/lib/python3.8/site-packages/PIL/TiffImagePlugin.py:792: UserWarning: Corrupt EXIF data.  Expecting to read 4 bytes but only got 0. 
  warnings.warn(str(msg))
/u/cygong/anaconda/envs/dgx/lib/python3.8/site-packages/PIL/TiffImagePlugin.py:792: UserWarning: Corrupt EXIF data.  Expecting to read 4 bytes but only got 0. 
  warnings.warn(str(msg))
/u/cygong/anaconda/envs/dgx/lib/python3.8/site-packages/PIL/TiffImagePlugin.py:792: UserWarning: Corrupt EXIF data.  Expecting to read 4 bytes but only got 0. 
  warnings.warn(str(msg))
/u/cygong/anaconda/envs/dgx/lib/python3.8/site-packages/PIL/TiffImagePlugin.py:792: UserWarning: Corrupt EXIF data.  Expecting to read 4 bytes but only got 0. 
  warnings.warn(str(msg))
/u/cygong/anaconda/envs/dgx/lib/python3.8/site-packages/PIL/TiffImagePlugin.py:792: UserWarning: Corrupt EXIF data.  Expecting to read 4 bytes but only got 0. 
  warnings.warn(str(msg))
/u/cygong/anaconda/envs/dgx/lib/python3.8/site-packages/PIL/TiffImagePlugin.py:792: UserWarning: Corrupt EXIF data.  Expecting to read 4 bytes but only got 0. 
  warnings.warn(str(msg))
/u/cygong/anaconda/envs/dgx/lib/python3.8/site-packages/PIL/TiffImagePlugin.py:792: UserWarning: Corrupt EXIF data.  Expecting to read 4 bytes but only got 0. 
  warnings.warn(str(msg))
/u/cygong/anaconda/envs/dgx/lib/python3.8/site-packages/PIL/TiffImagePlugin.py:792: UserWarning: Corrupt EXIF data.  Expecting to read 4 bytes but only got 0. 
  warnings.warn(str(msg))
/u/cygong/anaconda/envs/dgx/lib/python3.8/site-packages/PIL/TiffImagePlugin.py:792: UserWarning: Corrupt EXIF data.  Expecting to read 4 bytes but only got 0. 
  warnings.warn(str(msg))
/u/cygong/anaconda/envs/dgx/lib/python3.8/site-packages/PIL/TiffImagePlugin.py:792: UserWarning: Corrupt EXIF data.  Expecting to read 4 bytes but only got 0. 
  warnings.warn(str(msg))
/u/cygong/anaconda/envs/dgx/lib/python3.8/site-packages/PIL/TiffImagePlugin.py:792: UserWarning: Corrupt EXIF data.  Expecting to read 4 bytes but only got 0. 
  warnings.warn(str(msg))
/u/cygong/anaconda/envs/dgx/lib/python3.8/site-packages/PIL/TiffImagePlugin.py:792: UserWarning: Corrupt EXIF data.  Expecting to read 4 bytes but only got 0. 
  warnings.warn(str(msg))
/u/cygong/anaconda/envs/dgx/lib/python3.8/site-packages/PIL/TiffImagePlugin.py:792: UserWarning: Corrupt EXIF data.  Expecting to read 4 bytes but only got 0. 
  warnings.warn(str(msg))
/u/cygong/anaconda/envs/dgx/lib/python3.8/site-packages/PIL/TiffImagePlugin.py:792: UserWarning: Corrupt EXIF data.  Expecting to read 4 bytes but only got 0. 
  warnings.warn(str(msg))
/u/cygong/anaconda/envs/dgx/lib/python3.8/site-packages/PIL/TiffImagePlugin.py:792: UserWarning: Corrupt EXIF data.  Expecting to read 4 bytes but only got 0. 
  warnings.warn(str(msg))
/u/cygong/anaconda/envs/dgx/lib/python3.8/site-packages/PIL/TiffImagePlugin.py:792: UserWarning: Corrupt EXIF data.  Expecting to read 4 bytes but only got 0. 
  warnings.warn(str(msg))
/u/cygong/anaconda/envs/dgx/lib/python3.8/site-packages/PIL/TiffImagePlugin.py:792: UserWarning: Corrupt EXIF data.  Expecting to read 4 bytes but only got 0. 
  warnings.warn(str(msg))
/u/cygong/anaconda/envs/dgx/lib/python3.8/site-packages/PIL/TiffImagePlugin.py:792: UserWarning: Corrupt EXIF data.  Expecting to read 4 bytes but only got 0. 
  warnings.warn(str(msg))
/u/cygong/anaconda/envs/dgx/lib/python3.8/site-packages/PIL/TiffImagePlugin.py:792: UserWarning: Corrupt EXIF data.  Expecting to read 4 bytes but only got 0. 
  warnings.warn(str(msg))
/u/cygong/anaconda/envs/dgx/lib/python3.8/site-packages/PIL/TiffImagePlugin.py:792: UserWarning: Corrupt EXIF data.  Expecting to read 4 bytes but only got 0. 
  warnings.warn(str(msg))
/u/cygong/anaconda/envs/dgx/lib/python3.8/site-packages/PIL/TiffImagePlugin.py:792: UserWarning: Corrupt EXIF data.  Expecting to read 4 bytes but only got 0. 
  warnings.warn(str(msg))
/u/cygong/anaconda/envs/dgx/lib/python3.8/site-packages/PIL/TiffImagePlugin.py:792: UserWarning: Corrupt EXIF data.  Expecting to read 4 bytes but only got 0. 
  warnings.warn(str(msg))
/u/cygong/anaconda/envs/dgx/lib/python3.8/site-packages/PIL/TiffImagePlugin.py:792: UserWarning: Corrupt EXIF data.  Expecting to read 4 bytes but only got 0. 
  warnings.warn(str(msg))
/u/cygong/anaconda/envs/dgx/lib/python3.8/site-packages/PIL/TiffImagePlugin.py:792: UserWarning: Corrupt EXIF data.  Expecting to read 4 bytes but only got 0. 
  warnings.warn(str(msg))
/u/cygong/anaconda/envs/dgx/lib/python3.8/site-packages/PIL/TiffImagePlugin.py:792: UserWarning: Corrupt EXIF data.  Expecting to read 4 bytes but only got 0. 
  warnings.warn(str(msg))
/u/cygong/anaconda/envs/dgx/lib/python3.8/site-packages/PIL/TiffImagePlugin.py:792: UserWarning: Corrupt EXIF data.  Expecting to read 4 bytes but only got 0. 
  warnings.warn(str(msg))
/u/cygong/anaconda/envs/dgx/lib/python3.8/site-packages/PIL/TiffImagePlugin.py:792: UserWarning: Corrupt EXIF data.  Expecting to read 4 bytes but only got 0. 
  warnings.warn(str(msg))
/u/cygong/anaconda/envs/dgx/lib/python3.8/site-packages/PIL/TiffImagePlugin.py:792: UserWarning: Corrupt EXIF data.  Expecting to read 4 bytes but only got 0. 
  warnings.warn(str(msg))
/u/cygong/anaconda/envs/dgx/lib/python3.8/site-packages/PIL/TiffImagePlugin.py:792: UserWarning: Corrupt EXIF data.  Expecting to read 4 bytes but only got 0. 
  warnings.warn(str(msg))
/u/cygong/anaconda/envs/dgx/lib/python3.8/site-packages/PIL/TiffImagePlugin.py:792: UserWarning: Corrupt EXIF data.  Expecting to read 4 bytes but only got 0. 
  warnings.warn(str(msg))
/u/cygong/anaconda/envs/dgx/lib/python3.8/site-packages/PIL/TiffImagePlugin.py:792: UserWarning: Corrupt EXIF data.  Expecting to read 4 bytes but only got 0. 
  warnings.warn(str(msg))
/u/cygong/anaconda/envs/dgx/lib/python3.8/site-packages/PIL/TiffImagePlugin.py:792: UserWarning: Corrupt EXIF data.  Expecting to read 4 bytes but only got 0. 
  warnings.warn(str(msg))
/u/cygong/anaconda/envs/dgx/lib/python3.8/site-packages/PIL/TiffImagePlugin.py:792: UserWarning: Corrupt EXIF data.  Expecting to read 4 bytes but only got 0. 
  warnings.warn(str(msg))
/u/cygong/anaconda/envs/dgx/lib/python3.8/site-packages/PIL/TiffImagePlugin.py:792: UserWarning: Corrupt EXIF data.  Expecting to read 4 bytes but only got 0. 
  warnings.warn(str(msg))
/u/cygong/anaconda/envs/dgx/lib/python3.8/site-packages/PIL/TiffImagePlugin.py:792: UserWarning: Corrupt EXIF data.  Expecting to read 4 bytes but only got 0. 
  warnings.warn(str(msg))
slurmstepd-dgx-5: error: Job 63269 exceeded memory limit (254778620 > 230686720), being killed
slurmstepd-dgx-5: error: Exceeded job memory limit
slurmstepd-dgx-5: error: *** JOB 63269 ON dgx-5 CANCELLED AT 2021-01-02T17:29:58 ***
