/u/cygong/anaconda/envs/dgx/lib/python3.8/site-packages/PIL/TiffImagePlugin.py:792: UserWarning: Corrupt EXIF data.  Expecting to read 4 bytes but only got 0. 
  warnings.warn(str(msg))
/u/cygong/anaconda/envs/dgx/lib/python3.8/site-packages/PIL/TiffImagePlugin.py:792: UserWarning: Corrupt EXIF data.  Expecting to read 4 bytes but only got 0. 
  warnings.warn(str(msg))
/u/cygong/anaconda/envs/dgx/lib/python3.8/site-packages/PIL/TiffImagePlugin.py:792: UserWarning: Corrupt EXIF data.  Expecting to read 4 bytes but only got 0. 
  warnings.warn(str(msg))
/u/cygong/anaconda/envs/dgx/lib/python3.8/site-packages/PIL/TiffImagePlugin.py:792: UserWarning: Corrupt EXIF data.  Expecting to read 4 bytes but only got 0. 
  warnings.warn(str(msg))
/u/cygong/anaconda/envs/dgx/lib/python3.8/site-packages/PIL/TiffImagePlugin.py:792: UserWarning: Corrupt EXIF data.  Expecting to read 4 bytes but only got 0. 
  warnings.warn(str(msg))
/u/cygong/anaconda/envs/dgx/lib/python3.8/site-packages/PIL/TiffImagePlugin.py:792: UserWarning: Corrupt EXIF data.  Expecting to read 4 bytes but only got 0. 
  warnings.warn(str(msg))
/u/cygong/anaconda/envs/dgx/lib/python3.8/site-packages/PIL/TiffImagePlugin.py:792: UserWarning: Corrupt EXIF data.  Expecting to read 4 bytes but only got 0. 
  warnings.warn(str(msg))
/u/cygong/anaconda/envs/dgx/lib/python3.8/site-packages/PIL/TiffImagePlugin.py:792: UserWarning: Corrupt EXIF data.  Expecting to read 4 bytes but only got 0. 
  warnings.warn(str(msg))
/u/cygong/anaconda/envs/dgx/lib/python3.8/site-packages/PIL/TiffImagePlugin.py:792: UserWarning: Corrupt EXIF data.  Expecting to read 4 bytes but only got 0. 
  warnings.warn(str(msg))
/u/cygong/anaconda/envs/dgx/lib/python3.8/site-packages/PIL/TiffImagePlugin.py:792: UserWarning: Corrupt EXIF data.  Expecting to read 4 bytes but only got 0. 
  warnings.warn(str(msg))
/u/cygong/anaconda/envs/dgx/lib/python3.8/site-packages/PIL/TiffImagePlugin.py:792: UserWarning: Corrupt EXIF data.  Expecting to read 4 bytes but only got 0. 
  warnings.warn(str(msg))
/u/cygong/anaconda/envs/dgx/lib/python3.8/site-packages/PIL/TiffImagePlugin.py:792: UserWarning: Corrupt EXIF data.  Expecting to read 4 bytes but only got 0. 
  warnings.warn(str(msg))
/u/cygong/anaconda/envs/dgx/lib/python3.8/site-packages/PIL/TiffImagePlugin.py:792: UserWarning: Corrupt EXIF data.  Expecting to read 4 bytes but only got 0. 
  warnings.warn(str(msg))
/u/cygong/anaconda/envs/dgx/lib/python3.8/site-packages/PIL/TiffImagePlugin.py:792: UserWarning: Corrupt EXIF data.  Expecting to read 4 bytes but only got 0. 
  warnings.warn(str(msg))
/u/cygong/anaconda/envs/dgx/lib/python3.8/site-packages/PIL/TiffImagePlugin.py:792: UserWarning: Corrupt EXIF data.  Expecting to read 4 bytes but only got 0. 
  warnings.warn(str(msg))
/u/cygong/anaconda/envs/dgx/lib/python3.8/site-packages/PIL/TiffImagePlugin.py:792: UserWarning: Corrupt EXIF data.  Expecting to read 4 bytes but only got 0. 
  warnings.warn(str(msg))
/u/cygong/anaconda/envs/dgx/lib/python3.8/site-packages/PIL/TiffImagePlugin.py:792: UserWarning: Corrupt EXIF data.  Expecting to read 4 bytes but only got 0. 
  warnings.warn(str(msg))
/u/cygong/anaconda/envs/dgx/lib/python3.8/site-packages/PIL/TiffImagePlugin.py:792: UserWarning: Corrupt EXIF data.  Expecting to read 4 bytes but only got 0. 
  warnings.warn(str(msg))
/u/cygong/anaconda/envs/dgx/lib/python3.8/site-packages/PIL/TiffImagePlugin.py:792: UserWarning: Corrupt EXIF data.  Expecting to read 4 bytes but only got 0. 
  warnings.warn(str(msg))
/u/cygong/anaconda/envs/dgx/lib/python3.8/site-packages/PIL/TiffImagePlugin.py:792: UserWarning: Corrupt EXIF data.  Expecting to read 4 bytes but only got 0. 
  warnings.warn(str(msg))
/u/cygong/anaconda/envs/dgx/lib/python3.8/site-packages/PIL/TiffImagePlugin.py:792: UserWarning: Corrupt EXIF data.  Expecting to read 4 bytes but only got 0. 
  warnings.warn(str(msg))
/u/cygong/anaconda/envs/dgx/lib/python3.8/site-packages/PIL/TiffImagePlugin.py:792: UserWarning: Corrupt EXIF data.  Expecting to read 4 bytes but only got 0. 
  warnings.warn(str(msg))
/u/cygong/anaconda/envs/dgx/lib/python3.8/site-packages/PIL/TiffImagePlugin.py:792: UserWarning: Corrupt EXIF data.  Expecting to read 4 bytes but only got 0. 
  warnings.warn(str(msg))
/u/cygong/anaconda/envs/dgx/lib/python3.8/site-packages/PIL/TiffImagePlugin.py:792: UserWarning: Corrupt EXIF data.  Expecting to read 4 bytes but only got 0. 
  warnings.warn(str(msg))
/u/cygong/anaconda/envs/dgx/lib/python3.8/site-packages/PIL/TiffImagePlugin.py:792: UserWarning: Corrupt EXIF data.  Expecting to read 4 bytes but only got 0. 
  warnings.warn(str(msg))
/u/cygong/anaconda/envs/dgx/lib/python3.8/site-packages/PIL/TiffImagePlugin.py:792: UserWarning: Corrupt EXIF data.  Expecting to read 4 bytes but only got 0. 
  warnings.warn(str(msg))
/u/cygong/anaconda/envs/dgx/lib/python3.8/site-packages/PIL/TiffImagePlugin.py:792: UserWarning: Corrupt EXIF data.  Expecting to read 4 bytes but only got 0. 
  warnings.warn(str(msg))
/u/cygong/anaconda/envs/dgx/lib/python3.8/site-packages/PIL/TiffImagePlugin.py:792: UserWarning: Corrupt EXIF data.  Expecting to read 4 bytes but only got 0. 
  warnings.warn(str(msg))
/u/cygong/anaconda/envs/dgx/lib/python3.8/site-packages/PIL/TiffImagePlugin.py:792: UserWarning: Corrupt EXIF data.  Expecting to read 4 bytes but only got 0. 
  warnings.warn(str(msg))
/u/cygong/anaconda/envs/dgx/lib/python3.8/site-packages/PIL/TiffImagePlugin.py:792: UserWarning: Corrupt EXIF data.  Expecting to read 4 bytes but only got 0. 
  warnings.warn(str(msg))
/u/cygong/anaconda/envs/dgx/lib/python3.8/site-packages/PIL/TiffImagePlugin.py:792: UserWarning: Corrupt EXIF data.  Expecting to read 4 bytes but only got 0. 
  warnings.warn(str(msg))
/u/cygong/anaconda/envs/dgx/lib/python3.8/site-packages/PIL/TiffImagePlugin.py:792: UserWarning: Corrupt EXIF data.  Expecting to read 4 bytes but only got 0. 
  warnings.warn(str(msg))
/u/cygong/anaconda/envs/dgx/lib/python3.8/site-packages/PIL/TiffImagePlugin.py:792: UserWarning: Corrupt EXIF data.  Expecting to read 4 bytes but only got 0. 
  warnings.warn(str(msg))
/u/cygong/anaconda/envs/dgx/lib/python3.8/site-packages/PIL/TiffImagePlugin.py:792: UserWarning: Corrupt EXIF data.  Expecting to read 4 bytes but only got 0. 
  warnings.warn(str(msg))
/u/cygong/anaconda/envs/dgx/lib/python3.8/site-packages/PIL/TiffImagePlugin.py:792: UserWarning: Corrupt EXIF data.  Expecting to read 4 bytes but only got 0. 
  warnings.warn(str(msg))
/u/cygong/anaconda/envs/dgx/lib/python3.8/site-packages/PIL/TiffImagePlugin.py:792: UserWarning: Corrupt EXIF data.  Expecting to read 4 bytes but only got 0. 
  warnings.warn(str(msg))
/u/cygong/anaconda/envs/dgx/lib/python3.8/site-packages/PIL/TiffImagePlugin.py:792: UserWarning: Corrupt EXIF data.  Expecting to read 4 bytes but only got 0. 
  warnings.warn(str(msg))
/u/cygong/anaconda/envs/dgx/lib/python3.8/site-packages/PIL/TiffImagePlugin.py:792: UserWarning: Corrupt EXIF data.  Expecting to read 4 bytes but only got 0. 
  warnings.warn(str(msg))
/u/cygong/anaconda/envs/dgx/lib/python3.8/site-packages/PIL/TiffImagePlugin.py:792: UserWarning: Corrupt EXIF data.  Expecting to read 4 bytes but only got 0. 
  warnings.warn(str(msg))
/u/cygong/anaconda/envs/dgx/lib/python3.8/site-packages/PIL/TiffImagePlugin.py:792: UserWarning: Corrupt EXIF data.  Expecting to read 4 bytes but only got 0. 
  warnings.warn(str(msg))
/u/cygong/anaconda/envs/dgx/lib/python3.8/site-packages/PIL/TiffImagePlugin.py:792: UserWarning: Corrupt EXIF data.  Expecting to read 4 bytes but only got 0. 
  warnings.warn(str(msg))
/u/cygong/anaconda/envs/dgx/lib/python3.8/site-packages/PIL/TiffImagePlugin.py:792: UserWarning: Corrupt EXIF data.  Expecting to read 4 bytes but only got 0. 
  warnings.warn(str(msg))
slurmstepd-dgx-4: error: Job 63187 exceeded memory limit (210289356 > 209715200), being killed
slurmstepd-dgx-4: error: Exceeded job memory limit
slurmstepd-dgx-4: error: *** JOB 63187 ON dgx-4 CANCELLED AT 2021-01-01T11:48:47 ***
