Fri Jan  1 04:00:17 2021       
+-----------------------------------------------------------------------------+
| NVIDIA-SMI 410.129      Driver Version: 410.129      CUDA Version: 10.0     |
|-------------------------------+----------------------+----------------------+
| GPU  Name        Persistence-M| Bus-Id        Disp.A | Volatile Uncorr. ECC |
| Fan  Temp  Perf  Pwr:Usage/Cap|         Memory-Usage | GPU-Util  Compute M. |
|===============================+======================+======================|
|   0  Tesla V100-SXM2...  On   | 00000000:06:00.0 Off |                    0 |
| N/A   44C    P0    68W / 300W |      0MiB / 32480MiB |      0%      Default |
+-------------------------------+----------------------+----------------------+
|   1  Tesla V100-SXM2...  On   | 00000000:07:00.0 Off |                    0 |
| N/A   55C    P0   231W / 300W |   4660MiB / 32480MiB |     86%      Default |
+-------------------------------+----------------------+----------------------+
|   2  Tesla V100-SXM2...  On   | 00000000:0A:00.0 Off |                    0 |
| N/A   44C    P0    69W / 300W |      0MiB / 32480MiB |      0%      Default |
+-------------------------------+----------------------+----------------------+
|   3  Tesla V100-SXM2...  On   | 00000000:0B:00.0 Off |                    0 |
| N/A   40C    P0    68W / 300W |      0MiB / 32480MiB |      0%      Default |
+-------------------------------+----------------------+----------------------+
|   4  Tesla V100-SXM2...  On   | 00000000:85:00.0 Off |                    0 |
| N/A   47C    P0    93W / 300W |   4662MiB / 32480MiB |     92%      Default |
+-------------------------------+----------------------+----------------------+
|   5  Tesla V100-SXM2...  On   | 00000000:86:00.0 Off |                    0 |
| N/A   45C    P0    70W / 300W |      0MiB / 32480MiB |      0%      Default |
+-------------------------------+----------------------+----------------------+
|   6  Tesla V100-SXM2...  On   | 00000000:89:00.0 Off |                    0 |
| N/A   58C    P0   226W / 300W |   4668MiB / 32480MiB |     77%      Default |
+-------------------------------+----------------------+----------------------+
|   7  Tesla V100-SXM2...  On   | 00000000:8A:00.0 Off |                    0 |
| N/A   55C    P0   130W / 300W |   4666MiB / 32480MiB |     82%      Default |
+-------------------------------+----------------------+----------------------+
                                                                               
+-----------------------------------------------------------------------------+
| Processes:                                                       GPU Memory |
|  GPU       PID   Type   Process name                             Usage      |
|=============================================================================|
|    1     70737      C   /u/yzhao/miniconda3/bin/python3             4649MiB |
|    4     70738      C   /u/yzhao/miniconda3/bin/python3             4651MiB |
|    6     70739      C   /u/yzhao/miniconda3/bin/python3             4657MiB |
|    7     70740      C   /u/yzhao/miniconda3/bin/python3             4655MiB |
+-----------------------------------------------------------------------------+
top - 04:00:18 up 14 days, 16:32,  0 users,  load average: 64.39, 51.57, 56.70
Tasks: 935 total,   7 running, 446 sleeping,   0 stopped,   0 zombie
%Cpu(s): 24.1 us,  6.1 sy,  0.0 ni, 68.8 id,  1.0 wa,  0.0 hi,  0.0 si,  0.0 st
KiB Mem : 52826339+total, 84463024 free, 15279249+used, 29100787+buff/cache
KiB Swap:        0 total,        0 free,        0 used. 37078489+avail Mem 

  PID USER      PR  NI    VIRT    RES    SHR S  %CPU %MEM     TIME+ COMMAND
73686 yzhao     20   0 24.237g 573884 144464 R 540.0  0.1  37:15.71 /u/yzhao/m+
73688 yzhao     20   0 24.267g 599388 143944 S 500.0  0.1  36:33.59 /u/yzhao/m+
73685 yzhao     20   0 24.271g 638092 144656 R 485.0  0.1  37:28.61 /u/yzhao/m+
73687 yzhao     20   0 24.239g 576820 143312 S 415.0  0.1  37:41.37 /u/yzhao/m+
73133 yzhao     20   0 24.123g 574316 145124 S 270.0  0.1  37:53.94 /u/yzhao/m+
73132 yzhao     20   0 24.154g 602780 144704 S 120.0  0.1  37:27.63 /u/yzhao/m+
70738 yzhao     20   0 70.926g 0.031t 312440 R  95.0  6.4   3629:25 /u/yzhao/m+
70739 yzhao     20   0 70.860g 0.032t 308676 R  95.0  6.5   3627:56 /u/yzhao/m+
70740 yzhao     20   0 70.860g 0.034t 312688 R  95.0  7.0   3666:35 /u/yzhao/m+
70737 yzhao     20   0 70.948g 0.034t 318176 R  90.0  7.0   3622:06 /u/yzhao/m+
73129 yzhao     20   0 24.164g 607384 143332 S  35.0  0.1  37:40.71 /u/yzhao/m+
17399 cygong    20   0   39720   4296   2984 R  20.0  0.0   0:00.07 top -bn 1 +
 3977 root      20   0 5452768  17672      0 S   5.0  0.0  36:47.56 /usr/bin/c+
71859 root      20   0       0      0      0 I   5.0  0.0   0:00.02 [kworker/4+
Processing /u/cygong/Desktop/timm_conv
Requirement already satisfied: torch>=1.0 in /u/cygong/anaconda/envs/dgx/lib/python3.8/site-packages (from timm==0.3.2) (1.7.1)
Requirement already satisfied: torchvision in /u/cygong/anaconda/envs/dgx/lib/python3.8/site-packages (from timm==0.3.2) (0.8.2)
Requirement already satisfied: typing_extensions in /u/cygong/anaconda/envs/dgx/lib/python3.8/site-packages (from torch>=1.0->timm==0.3.2) (3.7.4.3)
Requirement already satisfied: numpy in /u/cygong/anaconda/envs/dgx/lib/python3.8/site-packages (from torch>=1.0->timm==0.3.2) (1.19.2)
Requirement already satisfied: pillow>=4.1.1 in /u/cygong/anaconda/envs/dgx/lib/python3.8/site-packages (from torchvision->timm==0.3.2) (8.0.1)
Building wheels for collected packages: timm
  Building wheel for timm (setup.py): started
  Building wheel for timm (setup.py): finished with status 'done'
  Created wheel for timm: filename=timm-0.3.2-py3-none-any.whl size=240667 sha256=f242566b870de53b30f3dc8ea3b2eff26a15ac677b78eb0d2d56212ce53af73c
  Stored in directory: /tmp/pip-ephem-wheel-cache-wqqnmd0z/wheels/16/91/7b/72bc2a85e27c5a651ecc9d3fb6639ae0d7b538473fe4206117
Successfully built timm
Installing collected packages: timm
  Attempting uninstall: timm
    Found existing installation: timm 0.3.2
    Uninstalling timm-0.3.2:
      Successfully uninstalled timm-0.3.2
Successfully installed timm-0.3.2
| distributed init (rank 2): env://| distributed init (rank 3): env://

| distributed init (rank 0): env://
| distributed init (rank 1): env://
Namespace(aa='rand-m9-mstd0.5-inc1', batch_size=512, clip_grad=None, color_jitter=0.4, cooldown_epochs=10, cutmix=1.0, cutmix_minmax=None, data_path='/scratch/cluster/dilin/datasets/imagenet', data_set='IMNET', decay_epochs=30, decay_rate=0.1, device='cuda', dist_backend='nccl', dist_url='env://', distributed=True, drop=0.0, drop_block=None, drop_path=0.1, epochs=300, eval=False, gpu=0, inat_category='name', input_size=224, lr=0.0005, lr_noise=None, lr_noise_pct=0.67, lr_noise_std=1.0, min_lr=1e-05, mixup=0.8, mixup_mode='batch', mixup_prob=1.0, mixup_switch_prob=0.5, model='deit_tiny_patch16_224', model_ema=True, model_ema_decay=0.99996, model_ema_force_cpu=False, momentum=0.9, num_workers=10, opt='adamw', opt_betas=None, opt_eps=1e-08, output_dir='/scratch/cluster/cygong/vision_transformer_unshare_multimlp_post', patience_epochs=10, pin_mem=True, rank=0, recount=1, remode='pixel', repeated_aug=True, reprob=0.25, resplit=False, resume='', sched='cosine', seed=0, smoothing=0.1, start_epoch=0, train_interpolation='bicubic', warmup_epochs=5, warmup_lr=1e-06, weight_decay=0.05, world_size=4)
Creating model: deit_tiny_patch16_224
number of params: 5537128
4
Start training
Epoch: [0]  [  0/625]  eta: 3:54:43  lr: 0.000001  loss: 6.9431 (6.9431)  time: 22.5328  data: 16.5102  max mem: 19669
Epoch: [0]  [100/625]  eta: 0:12:08  lr: 0.000001  loss: 6.9443 (6.9411)  time: 1.1726  data: 0.0006  max mem: 19731
Epoch: [0]  [200/625]  eta: 0:09:01  lr: 0.000001  loss: 6.9366 (6.9394)  time: 1.1644  data: 0.0006  max mem: 19731
Epoch: [0]  [300/625]  eta: 0:06:43  lr: 0.000001  loss: 6.9274 (6.9374)  time: 1.1653  data: 0.0005  max mem: 19731
Epoch: [0]  [400/625]  eta: 0:04:35  lr: 0.000001  loss: 6.9277 (6.9356)  time: 1.1737  data: 0.0006  max mem: 19731
Epoch: [0]  [500/625]  eta: 0:02:31  lr: 0.000001  loss: 6.9213 (6.9340)  time: 1.1595  data: 0.0006  max mem: 19731
Epoch: [0]  [600/625]  eta: 0:00:30  lr: 0.000001  loss: 6.9219 (6.9324)  time: 1.1826  data: 0.0005  max mem: 19731
Epoch: [0]  [624/625]  eta: 0:00:01  lr: 0.000001  loss: 6.9225 (6.9320)  time: 1.0453  data: 0.0011  max mem: 19731
Epoch: [0] Total time: 0:12:31 (1.2020 s / it)
Averaged stats: lr: 0.000001  loss: 6.9225 (6.9325)
Test:  [ 0/98]  eta: 0:25:43  loss: 6.8630 (6.8630)  acc1: 0.0000 (0.0000)  acc5: 0.0000 (0.0000)  time: 15.7504  data: 15.4455  max mem: 19731
Test:  [10/98]  eta: 0:03:24  loss: 6.9318 (6.9251)  acc1: 0.0000 (0.0888)  acc5: 0.0000 (0.3196)  time: 2.3207  data: 2.0319  max mem: 19731
Test:  [20/98]  eta: 0:02:15  loss: 6.9365 (6.9359)  acc1: 0.0000 (0.0465)  acc5: 0.0000 (0.2511)  time: 1.0378  data: 0.7511  max mem: 19731
Test:  [30/98]  eta: 0:01:43  loss: 6.9149 (6.9258)  acc1: 0.0000 (0.0441)  acc5: 0.0000 (0.2772)  time: 1.0720  data: 0.7739  max mem: 19731
Test:  [40/98]  eta: 0:01:21  loss: 6.8961 (6.9162)  acc1: 0.0000 (0.0476)  acc5: 0.1953 (0.3668)  time: 1.0724  data: 0.7651  max mem: 19731
Test:  [50/98]  eta: 0:01:04  loss: 6.8944 (6.9113)  acc1: 0.0000 (0.1340)  acc5: 0.1953 (0.6434)  time: 1.0673  data: 0.7627  max mem: 19731
Test:  [60/98]  eta: 0:00:48  loss: 6.9043 (6.9128)  acc1: 0.0000 (0.1153)  acc5: 0.1953 (0.5699)  time: 1.0323  data: 0.7245  max mem: 19731
Test:  [70/98]  eta: 0:00:35  loss: 6.8931 (6.9087)  acc1: 0.0000 (0.1183)  acc5: 0.0000 (0.6134)  time: 1.0804  data: 0.7639  max mem: 19731
Test:  [80/98]  eta: 0:00:22  loss: 6.9014 (6.9131)  acc1: 0.0000 (0.1278)  acc5: 0.1953 (0.6414)  time: 1.0556  data: 0.7210  max mem: 19731
Test:  [90/98]  eta: 0:00:09  loss: 6.9422 (6.9140)  acc1: 0.0000 (0.1631)  acc5: 0.1953 (0.6718)  time: 0.9346  data: 0.6111  max mem: 19731
Test:  [97/98]  eta: 0:00:01  loss: 6.8855 (6.9084)  acc1: 0.0000 (0.1920)  acc5: 0.1953 (0.7480)  time: 0.8256  data: 0.5082  max mem: 19731
Test: Total time: 0:01:52 (1.1508 s / it)
* Acc@1 0.192 Acc@5 0.748 loss 6.908
Accuracy of the network on the 50000 test images: 0.2%
Max accuracy: 0.19%
Epoch: [1]  [  0/625]  eta: 2:52:52  lr: 0.000001  loss: 6.9102 (6.9102)  time: 16.5959  data: 14.2482  max mem: 19731
Epoch: [1]  [100/625]  eta: 0:11:48  lr: 0.000001  loss: 6.9247 (6.9218)  time: 1.1584  data: 0.0006  max mem: 19731
Epoch: [1]  [200/625]  eta: 0:08:52  lr: 0.000001  loss: 6.9147 (6.9209)  time: 1.1402  data: 0.0006  max mem: 19731
Epoch: [1]  [300/625]  eta: 0:06:36  lr: 0.000001  loss: 6.9181 (6.9202)  time: 1.1557  data: 0.0007  max mem: 19731
Epoch: [1]  [400/625]  eta: 0:04:31  lr: 0.000001  loss: 6.9187 (6.9196)  time: 1.1824  data: 0.0006  max mem: 19731
Epoch: [1]  [500/625]  eta: 0:02:30  lr: 0.000001  loss: 6.9209 (6.9190)  time: 1.1727  data: 0.0007  max mem: 19731
Epoch: [1]  [600/625]  eta: 0:00:29  lr: 0.000001  loss: 6.9083 (6.9182)  time: 1.1728  data: 0.0006  max mem: 19731
Epoch: [1]  [624/625]  eta: 0:00:01  lr: 0.000001  loss: 6.9103 (6.9179)  time: 1.0505  data: 0.0013  max mem: 19731
Epoch: [1] Total time: 0:12:26 (1.1942 s / it)
Averaged stats: lr: 0.000001  loss: 6.9103 (6.9179)
Test:  [ 0/98]  eta: 0:27:27  loss: 6.8145 (6.8145)  acc1: 0.0000 (0.0000)  acc5: 0.3906 (0.3906)  time: 16.8131  data: 16.5175  max mem: 19731
Test:  [10/98]  eta: 0:03:33  loss: 6.9075 (6.9123)  acc1: 0.0000 (0.0178)  acc5: 0.0000 (0.3374)  time: 2.4289  data: 2.1450  max mem: 19731
Test:  [20/98]  eta: 0:02:17  loss: 6.9157 (6.9181)  acc1: 0.0000 (0.0093)  acc5: 0.0000 (0.1767)  time: 1.0162  data: 0.7319  max mem: 19731
Test:  [30/98]  eta: 0:01:45  loss: 6.8936 (6.9095)  acc1: 0.0000 (0.0189)  acc5: 0.0000 (0.2646)  time: 1.0662  data: 0.7751  max mem: 19731
Test:  [40/98]  eta: 0:01:23  loss: 6.8829 (6.8987)  acc1: 0.0000 (0.0429)  acc5: 0.1953 (0.4621)  time: 1.1087  data: 0.8107  max mem: 19731
Test:  [50/98]  eta: 0:01:05  loss: 6.8777 (6.8942)  acc1: 0.0000 (0.1647)  acc5: 0.3906 (0.8234)  time: 1.1027  data: 0.7990  max mem: 19731
Test:  [60/98]  eta: 0:00:49  loss: 6.8860 (6.8950)  acc1: 0.0000 (0.1409)  acc5: 0.1953 (0.7268)  time: 1.0262  data: 0.7284  max mem: 19731
Test:  [70/98]  eta: 0:00:36  loss: 6.8730 (6.8910)  acc1: 0.0000 (0.1430)  acc5: 0.1953 (0.8115)  time: 1.0595  data: 0.7626  max mem: 19731
Test:  [80/98]  eta: 0:00:22  loss: 6.9077 (6.8962)  acc1: 0.0000 (0.1495)  acc5: 0.3906 (0.8271)  time: 1.1021  data: 0.7975  max mem: 19731
Test:  [90/98]  eta: 0:00:09  loss: 6.9110 (6.8961)  acc1: 0.0000 (0.1846)  acc5: 0.3906 (0.8714)  time: 0.9699  data: 0.6612  max mem: 19731
Test:  [97/98]  eta: 0:00:01  loss: 6.8700 (6.8892)  acc1: 0.0000 (0.2180)  acc5: 1.1719 (0.9820)  time: 0.8221  data: 0.5325  max mem: 19731
Test: Total time: 0:01:54 (1.1648 s / it)
* Acc@1 0.218 Acc@5 0.982 loss 6.889
Accuracy of the network on the 50000 test images: 0.2%
Max accuracy: 0.22%
Epoch: [2]  [  0/625]  eta: 2:55:45  lr: 0.000401  loss: 6.9223 (6.9223)  time: 16.8729  data: 15.7338  max mem: 19731
Epoch: [2]  [100/625]  eta: 0:11:48  lr: 0.000401  loss: 6.8640 (6.8804)  time: 1.1865  data: 0.0006  max mem: 19731
Epoch: [2]  [200/625]  eta: 0:08:57  lr: 0.000401  loss: 6.8272 (6.8655)  time: 1.1834  data: 0.0006  max mem: 19731
Epoch: [2]  [300/625]  eta: 0:06:42  lr: 0.000401  loss: 6.8120 (6.8453)  time: 1.1840  data: 0.0006  max mem: 19731
Epoch: [2]  [400/625]  eta: 0:04:35  lr: 0.000401  loss: 6.7071 (6.8237)  time: 1.1537  data: 0.0013  max mem: 19731
Epoch: [2]  [500/625]  eta: 0:02:31  lr: 0.000401  loss: 6.6770 (6.7996)  time: 1.1236  data: 0.0005  max mem: 19731
Epoch: [2]  [600/625]  eta: 0:00:29  lr: 0.000401  loss: 6.6691 (6.7768)  time: 1.1001  data: 0.0005  max mem: 19731
Epoch: [2]  [624/625]  eta: 0:00:01  lr: 0.000401  loss: 6.6492 (6.7703)  time: 1.0344  data: 0.0012  max mem: 19731
Epoch: [2] Total time: 0:12:22 (1.1883 s / it)
Averaged stats: lr: 0.000401  loss: 6.6492 (6.7701)
Test:  [ 0/98]  eta: 0:22:19  loss: 5.5061 (5.5061)  acc1: 5.2734 (5.2734)  acc5: 25.3906 (25.3906)  time: 13.6634  data: 13.3383  max mem: 19731
Test:  [10/98]  eta: 0:03:00  loss: 6.0067 (5.9608)  acc1: 1.1719 (2.4503)  acc5: 8.7891 (9.7834)  time: 2.0479  data: 1.7791  max mem: 19731
Test:  [20/98]  eta: 0:02:04  loss: 6.0416 (6.0765)  acc1: 0.5859 (1.8880)  acc5: 4.6875 (7.9241)  time: 0.9912  data: 0.7341  max mem: 19731
Test:  [30/98]  eta: 0:01:37  loss: 6.2182 (6.1078)  acc1: 0.5859 (1.7452)  acc5: 4.1016 (7.4471)  time: 1.1026  data: 0.8386  max mem: 19731
Test:  [40/98]  eta: 0:01:16  loss: 6.1721 (6.0985)  acc1: 0.9766 (1.8960)  acc5: 5.2734 (7.8458)  time: 1.0264  data: 0.7586  max mem: 19731
Test:  [50/98]  eta: 0:01:00  loss: 6.2646 (6.1498)  acc1: 0.9766 (1.7808)  acc5: 5.4688 (7.4793)  time: 0.9604  data: 0.7066  max mem: 19731
Test:  [60/98]  eta: 0:00:45  loss: 6.2827 (6.1777)  acc1: 0.7812 (1.8090)  acc5: 5.2734 (7.4507)  time: 0.9795  data: 0.7302  max mem: 19731
Test:  [70/98]  eta: 0:00:33  loss: 6.2827 (6.1955)  acc1: 1.3672 (1.8101)  acc5: 5.4688 (7.4246)  time: 1.0005  data: 0.7430  max mem: 19731
Test:  [80/98]  eta: 0:00:20  loss: 6.3441 (6.2153)  acc1: 1.3672 (1.8519)  acc5: 5.4688 (7.2844)  time: 0.9900  data: 0.7240  max mem: 19731
Test:  [90/98]  eta: 0:00:08  loss: 6.3327 (6.2188)  acc1: 1.3672 (1.8802)  acc5: 6.6406 (7.4219)  time: 0.9197  data: 0.6548  max mem: 19731
Test:  [97/98]  eta: 0:00:01  loss: 6.1600 (6.1673)  acc1: 3.1250 (2.5720)  acc5: 8.9844 (8.8420)  time: 0.8070  data: 0.5539  max mem: 19731
Test: Total time: 0:01:45 (1.0804 s / it)
* Acc@1 2.572 Acc@5 8.842 loss 6.167
Accuracy of the network on the 50000 test images: 2.6%
Max accuracy: 2.57%
Epoch: [3]  [  0/625]  eta: 2:42:44  lr: 0.000801  loss: 6.6651 (6.6651)  time: 15.6231  data: 14.5507  max mem: 19731
Epoch: [3]  [100/625]  eta: 0:10:57  lr: 0.000801  loss: 6.6437 (6.6219)  time: 1.0773  data: 0.0005  max mem: 19731
Epoch: [3]  [200/625]  eta: 0:08:20  lr: 0.000801  loss: 6.5734 (6.6113)  time: 1.0972  data: 0.0006  max mem: 19731
Epoch: [3]  [300/625]  eta: 0:06:14  lr: 0.000801  loss: 6.5860 (6.5983)  time: 1.1100  data: 0.0005  max mem: 19731
Epoch: [3]  [400/625]  eta: 0:04:15  lr: 0.000801  loss: 6.5307 (6.5747)  time: 1.0474  data: 0.0004  max mem: 19731
Epoch: [3]  [500/625]  eta: 0:02:23  lr: 0.000801  loss: 6.4301 (6.5576)  time: 1.2553  data: 0.0010  max mem: 19731
Epoch: [3]  [600/625]  eta: 0:00:29  lr: 0.000801  loss: 6.3439 (6.5412)  time: 1.2801  data: 0.0008  max mem: 19731
Epoch: [3]  [624/625]  eta: 0:00:01  lr: 0.000801  loss: 6.4599 (6.5381)  time: 1.0579  data: 0.0020  max mem: 19731
Epoch: [3] Total time: 0:12:06 (1.1618 s / it)
Averaged stats: lr: 0.000801  loss: 6.4599 (6.5426)
Test:  [ 0/98]  eta: 0:27:22  loss: 5.1737 (5.1737)  acc1: 8.0078 (8.0078)  acc5: 29.8828 (29.8828)  time: 16.7573  data: 16.3099  max mem: 19731
Test:  [10/98]  eta: 0:03:43  loss: 5.4221 (5.4085)  acc1: 4.6875 (6.4098)  acc5: 22.0703 (21.1293)  time: 2.5349  data: 2.2003  max mem: 19731
Test:  [20/98]  eta: 0:02:28  loss: 5.4989 (5.5020)  acc1: 3.7109 (5.3292)  acc5: 15.8203 (18.2571)  time: 1.1595  data: 0.8426  max mem: 19731
Test:  [30/98]  eta: 0:01:48  loss: 5.5975 (5.5093)  acc1: 2.5391 (5.0718)  acc5: 15.2344 (17.9624)  time: 1.0834  data: 0.7733  max mem: 19731
Test:  [40/98]  eta: 0:01:26  loss: 5.5308 (5.5051)  acc1: 3.1250 (5.5736)  acc5: 16.0156 (18.2736)  time: 1.0554  data: 0.7211  max mem: 19731
Test:  [50/98]  eta: 0:01:07  loss: 5.6977 (5.5788)  acc1: 3.1250 (4.9632)  acc5: 14.4531 (17.1952)  time: 1.0832  data: 0.7310  max mem: 19731
Test:  [60/98]  eta: 0:00:51  loss: 5.7863 (5.6104)  acc1: 3.1250 (5.0749)  acc5: 13.8672 (16.8737)  time: 1.1106  data: 0.7750  max mem: 19731
Test:  [70/98]  eta: 0:00:37  loss: 5.7782 (5.6349)  acc1: 5.6641 (5.1717)  acc5: 14.0625 (16.6016)  time: 1.1427  data: 0.8288  max mem: 19731
Test:  [80/98]  eta: 0:00:23  loss: 5.8480 (5.6653)  acc1: 4.1016 (5.0661)  acc5: 13.4766 (16.1675)  time: 1.0819  data: 0.7763  max mem: 19731
Test:  [90/98]  eta: 0:00:09  loss: 5.8141 (5.6729)  acc1: 4.1016 (5.1296)  acc5: 13.8672 (16.1186)  time: 0.9796  data: 0.6627  max mem: 19731
Test:  [97/98]  eta: 0:00:01  loss: 5.6378 (5.6121)  acc1: 6.0547 (5.9680)  acc5: 16.9922 (17.6400)  time: 0.8253  data: 0.5252  max mem: 19731
Test: Total time: 0:01:56 (1.1937 s / it)
* Acc@1 5.968 Acc@5 17.640 loss 5.612
Accuracy of the network on the 50000 test images: 6.0%
Max accuracy: 5.97%
Epoch: [4]  [  0/625]  eta: 3:27:09  lr: 0.001200  loss: 6.5827 (6.5827)  time: 19.8875  data: 17.4384  max mem: 19731
Epoch: [4]  [100/625]  eta: 0:12:31  lr: 0.001200  loss: 6.4820 (6.4913)  time: 1.2130  data: 0.0006  max mem: 19731
Epoch: [4]  [200/625]  eta: 0:09:22  lr: 0.001200  loss: 6.5328 (6.4820)  time: 1.2158  data: 0.0007  max mem: 19731
Epoch: [4]  [300/625]  eta: 0:06:59  lr: 0.001200  loss: 6.2810 (6.4588)  time: 1.2178  data: 0.0007  max mem: 19731
Epoch: [4]  [400/625]  eta: 0:04:46  lr: 0.001200  loss: 6.3550 (6.4304)  time: 1.2472  data: 0.0006  max mem: 19731
Epoch: [4]  [500/625]  eta: 0:02:37  lr: 0.001200  loss: 6.4039 (6.4137)  time: 1.2155  data: 0.0007  max mem: 19731
Epoch: [4]  [600/625]  eta: 0:00:31  lr: 0.001200  loss: 6.4101 (6.3989)  time: 1.2192  data: 0.0007  max mem: 19731
Epoch: [4]  [624/625]  eta: 0:00:01  lr: 0.001200  loss: 6.3102 (6.3960)  time: 1.0530  data: 0.0012  max mem: 19731
Epoch: [4] Total time: 0:12:59 (1.2476 s / it)
Averaged stats: lr: 0.001200  loss: 6.3102 (6.3885)
Test:  [ 0/98]  eta: 0:28:19  loss: 4.7452 (4.7452)  acc1: 13.0859 (13.0859)  acc5: 36.3281 (36.3281)  time: 17.3372  data: 16.9717  max mem: 19731
Test:  [10/98]  eta: 0:03:23  loss: 4.9867 (5.0525)  acc1: 12.5000 (10.7422)  acc5: 30.0781 (27.1307)  time: 2.3076  data: 1.9699  max mem: 19731
Test:  [20/98]  eta: 0:02:16  loss: 5.2390 (5.1350)  acc1: 6.0547 (9.1983)  acc5: 22.6562 (24.8884)  time: 0.9710  data: 0.6422  max mem: 19731
Test:  [30/98]  eta: 0:01:47  loss: 5.2390 (5.1566)  acc1: 5.2734 (8.8395)  acc5: 20.7031 (24.5086)  time: 1.1732  data: 0.8354  max mem: 19731
Test:  [40/98]  eta: 0:01:25  loss: 5.2163 (5.1323)  acc1: 8.9844 (9.4322)  acc5: 24.2188 (25.2954)  time: 1.1787  data: 0.8243  max mem: 19731
Test:  [50/98]  eta: 0:01:06  loss: 5.2450 (5.1977)  acc1: 7.0312 (8.8465)  acc5: 21.8750 (24.0579)  time: 1.1039  data: 0.7405  max mem: 19731
Test:  [60/98]  eta: 0:00:50  loss: 5.3829 (5.2211)  acc1: 6.4453 (8.6930)  acc5: 19.9219 (23.4727)  time: 1.0492  data: 0.7001  max mem: 19731
Test:  [70/98]  eta: 0:00:36  loss: 5.3831 (5.2407)  acc1: 6.8359 (8.5222)  acc5: 20.1172 (23.0606)  time: 1.0992  data: 0.7670  max mem: 19731
Test:  [80/98]  eta: 0:00:23  loss: 5.4113 (5.2651)  acc1: 6.8359 (8.4008)  acc5: 20.1172 (22.6008)  time: 1.1095  data: 0.7701  max mem: 19731
Test:  [90/98]  eta: 0:00:09  loss: 5.4008 (5.2727)  acc1: 6.2500 (8.2439)  acc5: 18.1641 (22.2742)  time: 1.0178  data: 0.6787  max mem: 19731
Test:  [97/98]  eta: 0:00:01  loss: 5.0417 (5.2079)  acc1: 10.3516 (9.1200)  acc5: 23.4375 (23.7720)  time: 0.8594  data: 0.5462  max mem: 19731
Test: Total time: 0:01:57 (1.1961 s / it)
* Acc@1 9.120 Acc@5 23.772 loss 5.208
Accuracy of the network on the 50000 test images: 9.1%
Max accuracy: 9.12%
Epoch: [5]  [  0/625]  eta: 3:33:38  lr: 0.001600  loss: 6.0431 (6.0431)  time: 20.5096  data: 19.3742  max mem: 19731
Epoch: [5]  [100/625]  eta: 0:12:25  lr: 0.001600  loss: 6.3300 (6.3155)  time: 1.2097  data: 0.0007  max mem: 19731
Epoch: [5]  [200/625]  eta: 0:09:20  lr: 0.001600  loss: 6.2787 (6.3213)  time: 1.2104  data: 0.0007  max mem: 19731
Epoch: [5]  [300/625]  eta: 0:06:58  lr: 0.001600  loss: 6.3482 (6.3040)  time: 1.2010  data: 0.0007  max mem: 19731
Epoch: [5]  [400/625]  eta: 0:04:45  lr: 0.001600  loss: 6.1437 (6.2767)  time: 1.2224  data: 0.0006  max mem: 19731
Epoch: [5]  [500/625]  eta: 0:02:37  lr: 0.001600  loss: 6.3394 (6.2694)  time: 1.2066  data: 0.0007  max mem: 19731
Epoch: [5]  [600/625]  eta: 0:00:31  lr: 0.001600  loss: 6.2536 (6.2599)  time: 1.2208  data: 0.0007  max mem: 19731
Epoch: [5]  [624/625]  eta: 0:00:01  lr: 0.001600  loss: 6.3088 (6.2586)  time: 1.0521  data: 0.0017  max mem: 19731
Epoch: [5] Total time: 0:12:58 (1.2464 s / it)
Averaged stats: lr: 0.001600  loss: 6.3088 (6.2593)
Test:  [ 0/98]  eta: 0:29:39  loss: 4.2823 (4.2823)  acc1: 17.5781 (17.5781)  acc5: 43.3594 (43.3594)  time: 18.1596  data: 17.8113  max mem: 19731
Test:  [10/98]  eta: 0:03:24  loss: 4.3554 (4.4270)  acc1: 19.1406 (17.8977)  acc5: 43.3594 (38.9205)  time: 2.3271  data: 2.0003  max mem: 19731
Test:  [20/98]  eta: 0:02:17  loss: 4.5933 (4.5787)  acc1: 13.4766 (14.5926)  acc5: 34.7656 (34.7191)  time: 0.9466  data: 0.6240  max mem: 19731
Test:  [30/98]  eta: 0:01:48  loss: 4.7604 (4.6261)  acc1: 10.9375 (13.4829)  acc5: 27.5391 (33.4488)  time: 1.1913  data: 0.8593  max mem: 19731
Test:  [40/98]  eta: 0:01:25  loss: 4.6213 (4.6170)  acc1: 12.5000 (14.0577)  acc5: 37.3047 (34.2797)  time: 1.1658  data: 0.8169  max mem: 19731
Test:  [50/98]  eta: 0:01:07  loss: 4.8416 (4.7238)  acc1: 10.9375 (13.2047)  acc5: 27.7344 (32.4142)  time: 1.1023  data: 0.7520  max mem: 19731
Test:  [60/98]  eta: 0:00:50  loss: 5.1199 (4.7698)  acc1: 9.9609 (12.9547)  acc5: 25.3906 (31.6054)  time: 1.0376  data: 0.7020  max mem: 19731
Test:  [70/98]  eta: 0:00:36  loss: 5.0055 (4.8101)  acc1: 10.7422 (12.6568)  acc5: 25.1953 (30.8456)  time: 1.0639  data: 0.7313  max mem: 19731
Test:  [80/98]  eta: 0:00:22  loss: 5.1124 (4.8524)  acc1: 9.3750 (12.2516)  acc5: 24.8047 (29.9889)  time: 1.1142  data: 0.7706  max mem: 19731
Test:  [90/98]  eta: 0:00:09  loss: 5.0958 (4.8771)  acc1: 8.9844 (11.9870)  acc5: 24.0234 (29.4664)  time: 1.0285  data: 0.6805  max mem: 19731
Test:  [97/98]  eta: 0:00:01  loss: 4.8927 (4.8140)  acc1: 13.6719 (12.9580)  acc5: 30.0781 (30.9080)  time: 0.8323  data: 0.5169  max mem: 19731
Test: Total time: 0:01:56 (1.1905 s / it)
* Acc@1 12.958 Acc@5 30.908 loss 4.814
Accuracy of the network on the 50000 test images: 13.0%
Max accuracy: 12.96%
Epoch: [6]  [  0/625]  eta: 3:17:52  lr: 0.001999  loss: 5.8524 (5.8524)  time: 18.9966  data: 17.5237  max mem: 19731
Epoch: [6]  [100/625]  eta: 0:12:18  lr: 0.001999  loss: 6.1904 (6.1895)  time: 1.2243  data: 0.0007  max mem: 19731
Epoch: [6]  [200/625]  eta: 0:09:18  lr: 0.001999  loss: 6.0333 (6.1423)  time: 1.2191  data: 0.0007  max mem: 19731
Epoch: [6]  [300/625]  eta: 0:06:56  lr: 0.001999  loss: 6.3085 (6.1532)  time: 1.2312  data: 0.0008  max mem: 19731
Epoch: [6]  [400/625]  eta: 0:04:44  lr: 0.001999  loss: 6.0917 (6.1187)  time: 1.1992  data: 0.0009  max mem: 19731
Epoch: [6]  [500/625]  eta: 0:02:36  lr: 0.001999  loss: 6.2340 (6.1093)  time: 1.2115  data: 0.0006  max mem: 19731
Epoch: [6]  [600/625]  eta: 0:00:31  lr: 0.001999  loss: 6.0600 (6.0909)  time: 1.2072  data: 0.0007  max mem: 19731
Epoch: [6]  [624/625]  eta: 0:00:01  lr: 0.001999  loss: 6.1335 (6.0907)  time: 1.0523  data: 0.0019  max mem: 19731
Epoch: [6] Total time: 0:12:56 (1.2421 s / it)
Averaged stats: lr: 0.001999  loss: 6.1335 (6.0980)
Test:  [ 0/98]  eta: 0:30:54  loss: 4.1059 (4.1059)  acc1: 22.0703 (22.0703)  acc5: 48.6328 (48.6328)  time: 18.9250  data: 18.6107  max mem: 19731
Test:  [10/98]  eta: 0:03:42  loss: 4.0661 (3.9776)  acc1: 25.9766 (22.6562)  acc5: 48.8281 (47.6918)  time: 2.5302  data: 2.2244  max mem: 19731
Test:  [20/98]  eta: 0:02:23  loss: 4.1399 (4.1062)  acc1: 13.0859 (19.1313)  acc5: 37.1094 (42.8478)  time: 0.9917  data: 0.6814  max mem: 19731
Test:  [30/98]  eta: 0:01:46  loss: 4.1399 (4.0596)  acc1: 13.0859 (19.0776)  acc5: 41.4062 (43.7248)  time: 1.0406  data: 0.7266  max mem: 19731
Test:  [40/98]  eta: 0:01:25  loss: 4.2440 (4.0867)  acc1: 16.9922 (19.3169)  acc5: 41.4062 (43.3117)  time: 1.0925  data: 0.7735  max mem: 19731
Test:  [50/98]  eta: 0:01:06  loss: 4.6344 (4.2303)  acc1: 13.2812 (17.9190)  acc5: 33.0078 (40.6978)  time: 1.0965  data: 0.7668  max mem: 19731
Test:  [60/98]  eta: 0:00:51  loss: 4.7604 (4.2985)  acc1: 12.8906 (17.5461)  acc5: 31.2500 (39.6196)  time: 1.1115  data: 0.7915  max mem: 19731
Test:  [70/98]  eta: 0:00:36  loss: 4.6495 (4.3535)  acc1: 13.0859 (16.9399)  acc5: 32.2266 (38.5068)  time: 1.1566  data: 0.8358  max mem: 19731
Test:  [80/98]  eta: 0:00:23  loss: 4.7487 (4.4063)  acc1: 12.5000 (16.5533)  acc5: 30.6641 (37.6109)  time: 1.0589  data: 0.7221  max mem: 19731
Test:  [90/98]  eta: 0:00:09  loss: 4.7540 (4.4378)  acc1: 12.3047 (16.2839)  acc5: 30.2734 (37.0128)  time: 0.9951  data: 0.6786  max mem: 19731
Test:  [97/98]  eta: 0:00:01  loss: 4.4236 (4.3863)  acc1: 16.4062 (17.2060)  acc5: 38.2812 (38.1020)  time: 0.8595  data: 0.5744  max mem: 19731
Test: Total time: 0:01:57 (1.1993 s / it)
* Acc@1 17.206 Acc@5 38.102 loss 4.386
Accuracy of the network on the 50000 test images: 17.2%
Max accuracy: 17.21%
Epoch: [7]  [  0/625]  eta: 3:35:20  lr: 0.001998  loss: 6.0637 (6.0637)  time: 20.6725  data: 18.7575  max mem: 19731
Epoch: [7]  [100/625]  eta: 0:12:20  lr: 0.001998  loss: 6.1673 (5.9956)  time: 1.2054  data: 0.0009  max mem: 19731
Epoch: [7]  [200/625]  eta: 0:09:13  lr: 0.001998  loss: 6.0724 (5.9841)  time: 1.1790  data: 0.0006  max mem: 19731
Epoch: [7]  [300/625]  eta: 0:06:51  lr: 0.001998  loss: 6.1644 (5.9792)  time: 1.1885  data: 0.0007  max mem: 19731
Epoch: [7]  [400/625]  eta: 0:04:40  lr: 0.001998  loss: 5.9715 (5.9670)  time: 1.1629  data: 0.0006  max mem: 19731
Epoch: [7]  [500/625]  eta: 0:02:34  lr: 0.001998  loss: 5.5893 (5.9407)  time: 1.1829  data: 0.0008  max mem: 19731
Epoch: [7]  [600/625]  eta: 0:00:30  lr: 0.001998  loss: 5.9182 (5.9273)  time: 1.1910  data: 0.0006  max mem: 19731
Epoch: [7]  [624/625]  eta: 0:00:01  lr: 0.001998  loss: 6.1090 (5.9305)  time: 1.0471  data: 0.0013  max mem: 19731
Epoch: [7] Total time: 0:12:43 (1.2218 s / it)
Averaged stats: lr: 0.001998  loss: 6.1090 (5.9272)
Test:  [ 0/98]  eta: 0:27:22  loss: 3.5711 (3.5711)  acc1: 29.6875 (29.6875)  acc5: 61.5234 (61.5234)  time: 16.7599  data: 16.4201  max mem: 19731
Test:  [10/98]  eta: 0:03:27  loss: 3.5711 (3.6640)  acc1: 31.4453 (29.5455)  acc5: 58.9844 (55.4688)  time: 2.3553  data: 2.0434  max mem: 19731
Test:  [20/98]  eta: 0:02:22  loss: 3.8500 (3.7895)  acc1: 23.2422 (25.3720)  acc5: 48.4375 (51.3579)  time: 1.0760  data: 0.7690  max mem: 19731
Test:  [30/98]  eta: 0:01:45  loss: 3.8968 (3.7819)  acc1: 20.3125 (24.3511)  acc5: 48.4375 (51.5373)  time: 1.1043  data: 0.7908  max mem: 19731
Test:  [40/98]  eta: 0:01:24  loss: 3.8081 (3.7808)  acc1: 22.2656 (25.1048)  acc5: 51.1719 (51.5720)  time: 1.0796  data: 0.7572  max mem: 19731
Test:  [50/98]  eta: 0:01:06  loss: 4.1257 (3.9238)  acc1: 19.7266 (23.4911)  acc5: 44.1406 (48.8741)  time: 1.1105  data: 0.7943  max mem: 19731
Test:  [60/98]  eta: 0:00:50  loss: 4.3674 (3.9957)  acc1: 17.5781 (23.0405)  acc5: 40.0391 (47.6723)  time: 1.0290  data: 0.7282  max mem: 19731
Test:  [70/98]  eta: 0:00:36  loss: 4.2545 (4.0438)  acc1: 19.5312 (22.5050)  acc5: 41.9922 (46.8365)  time: 1.0871  data: 0.7733  max mem: 19731
Test:  [80/98]  eta: 0:00:22  loss: 4.3778 (4.0974)  acc1: 18.3594 (22.0438)  acc5: 41.0156 (45.7007)  time: 1.1142  data: 0.7753  max mem: 19731
Test:  [90/98]  eta: 0:00:09  loss: 4.4893 (4.1279)  acc1: 17.7734 (21.6947)  acc5: 36.9141 (45.0571)  time: 1.0103  data: 0.6848  max mem: 19731
Test:  [97/98]  eta: 0:00:01  loss: 4.1524 (4.0790)  acc1: 20.3125 (22.6340)  acc5: 41.7969 (45.9640)  time: 0.8307  data: 0.5314  max mem: 19731
Test: Total time: 0:01:55 (1.1762 s / it)
* Acc@1 22.634 Acc@5 45.964 loss 4.079
Accuracy of the network on the 50000 test images: 22.6%
Max accuracy: 22.63%
Epoch: [8]  [  0/625]  eta: 2:53:24  lr: 0.001997  loss: 6.0401 (6.0401)  time: 16.6476  data: 13.8102  max mem: 19731
Epoch: [8]  [100/625]  eta: 0:11:53  lr: 0.001997  loss: 5.5755 (5.7742)  time: 1.1783  data: 0.0005  max mem: 19731
Epoch: [8]  [200/625]  eta: 0:08:55  lr: 0.001997  loss: 5.8817 (5.8081)  time: 1.1668  data: 0.0008  max mem: 19731
Epoch: [8]  [300/625]  eta: 0:06:39  lr: 0.001997  loss: 5.9378 (5.8242)  time: 1.1764  data: 0.0006  max mem: 19731
Epoch: [8]  [400/625]  eta: 0:04:30  lr: 0.001997  loss: 5.9137 (5.8041)  time: 1.0898  data: 0.0007  max mem: 19731
Epoch: [8]  [500/625]  eta: 0:02:27  lr: 0.001997  loss: 5.8027 (5.7930)  time: 1.0934  data: 0.0005  max mem: 19731
Epoch: [8]  [600/625]  eta: 0:00:29  lr: 0.001997  loss: 5.9068 (5.7744)  time: 1.0936  data: 0.0004  max mem: 19731
Epoch: [8]  [624/625]  eta: 0:00:01  lr: 0.001997  loss: 5.8721 (5.7702)  time: 1.0269  data: 0.0013  max mem: 19731
Epoch: [8] Total time: 0:12:06 (1.1626 s / it)
Averaged stats: lr: 0.001997  loss: 5.8721 (5.7708)
Test:  [ 0/98]  eta: 0:21:56  loss: 3.0303 (3.0303)  acc1: 34.9609 (34.9609)  acc5: 68.9453 (68.9453)  time: 13.4330  data: 13.1724  max mem: 19731
Test:  [10/98]  eta: 0:02:59  loss: 3.1715 (3.2999)  acc1: 37.5000 (34.9077)  acc5: 63.8672 (60.8310)  time: 2.0403  data: 1.7805  max mem: 19731
Test:  [20/98]  eta: 0:02:00  loss: 3.4717 (3.4087)  acc1: 26.1719 (29.9758)  acc5: 53.9062 (57.6637)  time: 0.9503  data: 0.6937  max mem: 19731
Test:  [30/98]  eta: 0:01:36  loss: 3.4717 (3.4017)  acc1: 23.6328 (29.0449)  acc5: 53.9062 (57.8692)  time: 1.0774  data: 0.8208  max mem: 19731
Test:  [40/98]  eta: 0:01:15  loss: 3.3444 (3.3926)  acc1: 30.2734 (29.7066)  acc5: 58.3984 (57.8077)  time: 1.0628  data: 0.8033  max mem: 19731
Test:  [50/98]  eta: 0:01:00  loss: 3.7607 (3.5478)  acc1: 22.2656 (27.8263)  acc5: 48.8281 (54.8943)  time: 0.9946  data: 0.7408  max mem: 19731
Test:  [60/98]  eta: 0:00:45  loss: 4.1656 (3.6203)  acc1: 21.8750 (27.3854)  acc5: 42.9688 (53.5957)  time: 0.9662  data: 0.7128  max mem: 19731
Test:  [70/98]  eta: 0:00:32  loss: 3.9578 (3.6745)  acc1: 22.2656 (26.7468)  acc5: 46.6797 (52.5666)  time: 0.9660  data: 0.7092  max mem: 19731
Test:  [80/98]  eta: 0:00:20  loss: 4.0397 (3.7393)  acc1: 21.8750 (26.0706)  acc5: 45.5078 (51.2828)  time: 0.9683  data: 0.7062  max mem: 19731
Test:  [90/98]  eta: 0:00:08  loss: 4.1842 (3.7784)  acc1: 17.9688 (25.4808)  acc5: 39.8438 (50.4378)  time: 0.9062  data: 0.6393  max mem: 19731
Test:  [97/98]  eta: 0:00:01  loss: 3.8378 (3.7241)  acc1: 23.8281 (26.5140)  acc5: 47.4609 (51.4900)  time: 0.7947  data: 0.5407  max mem: 19731
Test: Total time: 0:01:44 (1.0708 s / it)
* Acc@1 26.514 Acc@5 51.490 loss 3.724
Accuracy of the network on the 50000 test images: 26.5%
Max accuracy: 26.51%
Epoch: [9]  [  0/625]  eta: 2:38:12  lr: 0.001997  loss: 5.9643 (5.9643)  time: 15.1877  data: 13.7323  max mem: 19731
Epoch: [9]  [100/625]  eta: 0:10:55  lr: 0.001997  loss: 5.4970 (5.7012)  time: 1.0908  data: 0.0005  max mem: 19731
Epoch: [9]  [200/625]  eta: 0:08:17  lr: 0.001997  loss: 6.0333 (5.6948)  time: 1.0825  data: 0.0004  max mem: 19731
Epoch: [9]  [300/625]  eta: 0:06:14  lr: 0.001997  loss: 5.8136 (5.7027)  time: 1.2304  data: 0.0008  max mem: 19731
Epoch: [9]  [400/625]  eta: 0:04:23  lr: 0.001997  loss: 5.8562 (5.7018)  time: 1.2388  data: 0.0007  max mem: 19731
Epoch: [9]  [500/625]  eta: 0:02:28  lr: 0.001997  loss: 5.4822 (5.6797)  time: 1.2320  data: 0.0009  max mem: 19731
Epoch: [9]  [600/625]  eta: 0:00:29  lr: 0.001997  loss: 5.4692 (5.6655)  time: 1.2110  data: 0.0007  max mem: 19731
Epoch: [9]  [624/625]  eta: 0:00:01  lr: 0.001997  loss: 5.8113 (5.6669)  time: 1.0633  data: 0.0013  max mem: 19731
Epoch: [9] Total time: 0:12:21 (1.1869 s / it)
Averaged stats: lr: 0.001997  loss: 5.8113 (5.6379)
Test:  [ 0/98]  eta: 0:25:47  loss: 2.7694 (2.7694)  acc1: 41.0156 (41.0156)  acc5: 72.2656 (72.2656)  time: 15.7957  data: 15.4511  max mem: 19731
Test:  [10/98]  eta: 0:03:20  loss: 2.8158 (2.9413)  acc1: 41.0156 (39.3288)  acc5: 70.3125 (65.5717)  time: 2.2804  data: 1.9534  max mem: 19731
Test:  [20/98]  eta: 0:02:20  loss: 3.2185 (3.1003)  acc1: 28.3203 (34.7098)  acc5: 55.4688 (62.2582)  time: 1.0951  data: 0.7842  max mem: 19731
Test:  [30/98]  eta: 0:01:48  loss: 3.1684 (3.0867)  acc1: 28.3203 (33.8584)  acc5: 62.6953 (62.7520)  time: 1.2115  data: 0.9028  max mem: 19731
Test:  [40/98]  eta: 0:01:25  loss: 3.1389 (3.1053)  acc1: 29.6875 (34.0654)  acc5: 62.1094 (62.3476)  time: 1.1264  data: 0.8168  max mem: 19731
Test:  [50/98]  eta: 0:01:06  loss: 3.5042 (3.2636)  acc1: 25.1953 (32.2151)  acc5: 51.7578 (59.4975)  time: 1.0417  data: 0.7353  max mem: 19731
Test:  [60/98]  eta: 0:00:50  loss: 3.8947 (3.3454)  acc1: 24.6094 (31.4133)  acc5: 48.4375 (58.1391)  time: 1.0156  data: 0.7113  max mem: 19731
Test:  [70/98]  eta: 0:00:36  loss: 3.7437 (3.4034)  acc1: 25.0000 (30.5733)  acc5: 50.5859 (57.0423)  time: 1.1049  data: 0.8034  max mem: 19731
Test:  [80/98]  eta: 0:00:22  loss: 3.8015 (3.4719)  acc1: 24.4141 (29.6923)  acc5: 47.4609 (55.6496)  time: 1.1104  data: 0.7913  max mem: 19731
Test:  [90/98]  eta: 0:00:09  loss: 3.9711 (3.5069)  acc1: 25.0000 (29.2003)  acc5: 44.9219 (55.0009)  time: 1.0030  data: 0.6849  max mem: 19731
Test:  [97/98]  eta: 0:00:01  loss: 3.5418 (3.4585)  acc1: 26.9531 (30.2100)  acc5: 53.9062 (55.9580)  time: 0.8398  data: 0.5493  max mem: 19731
Test: Total time: 0:01:55 (1.1750 s / it)
* Acc@1 30.210 Acc@5 55.958 loss 3.459
Accuracy of the network on the 50000 test images: 30.2%
Max accuracy: 30.21%
Epoch: [10]  [  0/625]  eta: 3:08:22  lr: 0.001996  loss: 6.1292 (6.1292)  time: 18.0836  data: 16.8445  max mem: 19731
Epoch: [10]  [100/625]  eta: 0:12:01  lr: 0.001996  loss: 5.7528 (5.6896)  time: 1.1958  data: 0.0009  max mem: 19731
Epoch: [10]  [200/625]  eta: 0:09:05  lr: 0.001996  loss: 5.5399 (5.6347)  time: 1.1978  data: 0.0011  max mem: 19731
Epoch: [10]  [300/625]  eta: 0:06:46  lr: 0.001996  loss: 5.7569 (5.5984)  time: 1.1779  data: 0.0009  max mem: 19731
Epoch: [10]  [400/625]  eta: 0:04:37  lr: 0.001996  loss: 5.5950 (5.5824)  time: 1.1798  data: 0.0008  max mem: 19731
Epoch: [10]  [500/625]  eta: 0:02:32  lr: 0.001996  loss: 4.9796 (5.5619)  time: 1.1745  data: 0.0009  max mem: 19731
Epoch: [10]  [600/625]  eta: 0:00:30  lr: 0.001996  loss: 5.1353 (5.5527)  time: 1.1704  data: 0.0010  max mem: 19731
Epoch: [10]  [624/625]  eta: 0:00:01  lr: 0.001996  loss: 5.4681 (5.5476)  time: 1.0367  data: 0.0012  max mem: 19731
Epoch: [10] Total time: 0:12:36 (1.2108 s / it)
Averaged stats: lr: 0.001996  loss: 5.4681 (5.5567)
Test:  [ 0/98]  eta: 0:25:59  loss: 2.6487 (2.6487)  acc1: 44.1406 (44.1406)  acc5: 76.1719 (76.1719)  time: 15.9107  data: 15.5277  max mem: 19731
Test:  [10/98]  eta: 0:03:26  loss: 2.6489 (2.8022)  acc1: 44.1406 (43.7678)  acc5: 70.8984 (68.4126)  time: 2.3456  data: 2.0388  max mem: 19731
Test:  [20/98]  eta: 0:02:18  loss: 3.1476 (2.9486)  acc1: 31.2500 (38.5417)  acc5: 62.6953 (65.5506)  time: 1.0676  data: 0.7729  max mem: 19731
Test:  [30/98]  eta: 0:01:45  loss: 3.1268 (2.9377)  acc1: 33.0078 (37.9599)  acc5: 63.4766 (66.3243)  time: 1.1136  data: 0.8077  max mem: 19731
Test:  [40/98]  eta: 0:01:24  loss: 2.9999 (2.9615)  acc1: 36.7188 (38.0764)  acc5: 64.0625 (65.9823)  time: 1.1358  data: 0.8162  max mem: 19731
Test:  [50/98]  eta: 0:01:05  loss: 3.4790 (3.1375)  acc1: 29.8828 (35.5507)  acc5: 52.5391 (62.8025)  time: 1.0506  data: 0.7409  max mem: 19731
Test:  [60/98]  eta: 0:00:49  loss: 3.7543 (3.2374)  acc1: 26.7578 (34.7112)  acc5: 51.3672 (61.1584)  time: 0.9920  data: 0.6941  max mem: 19731
Test:  [70/98]  eta: 0:00:36  loss: 3.6876 (3.3089)  acc1: 28.9062 (33.7203)  acc5: 52.9297 (59.9884)  time: 1.1126  data: 0.8244  max mem: 19731
Test:  [80/98]  eta: 0:00:22  loss: 3.7023 (3.3846)  acc1: 28.1250 (32.8993)  acc5: 50.1953 (58.5865)  time: 1.0779  data: 0.7839  max mem: 19731
Test:  [90/98]  eta: 0:00:09  loss: 3.8851 (3.4264)  acc1: 26.3672 (32.1751)  acc5: 47.2656 (57.7567)  time: 0.9431  data: 0.6371  max mem: 19731
Test:  [97/98]  eta: 0:00:01  loss: 3.4543 (3.3739)  acc1: 32.4219 (33.1000)  acc5: 55.4688 (58.6960)  time: 0.8515  data: 0.5668  max mem: 19731
Test: Total time: 0:01:53 (1.1630 s / it)
* Acc@1 33.100 Acc@5 58.696 loss 3.374
Accuracy of the network on the 50000 test images: 33.1%
Max accuracy: 33.10%
Epoch: [11]  [  0/625]  eta: 2:51:25  lr: 0.001995  loss: 4.9677 (4.9677)  time: 16.4572  data: 14.3189  max mem: 19731
Epoch: [11]  [100/625]  eta: 0:11:47  lr: 0.001995  loss: 5.4707 (5.3916)  time: 1.1591  data: 0.0006  max mem: 19731
Epoch: [11]  [200/625]  eta: 0:08:57  lr: 0.001995  loss: 5.5641 (5.4047)  time: 1.1806  data: 0.0005  max mem: 19731
Epoch: [11]  [300/625]  eta: 0:06:40  lr: 0.001995  loss: 5.7400 (5.4452)  time: 1.1619  data: 0.0006  max mem: 19731
Epoch: [11]  [400/625]  eta: 0:04:33  lr: 0.001995  loss: 5.8349 (5.4485)  time: 1.1564  data: 0.0005  max mem: 19731
Epoch: [11]  [500/625]  eta: 0:02:30  lr: 0.001995  loss: 5.5899 (5.4428)  time: 1.1386  data: 0.0006  max mem: 19731
Epoch: [11]  [600/625]  eta: 0:00:29  lr: 0.001995  loss: 5.5611 (5.4354)  time: 1.1858  data: 0.0007  max mem: 19731
Epoch: [11]  [624/625]  eta: 0:00:01  lr: 0.001995  loss: 5.3283 (5.4328)  time: 1.0367  data: 0.0013  max mem: 19731
Epoch: [11] Total time: 0:12:26 (1.1942 s / it)
Averaged stats: lr: 0.001995  loss: 5.3283 (5.4459)
Test:  [ 0/98]  eta: 0:23:33  loss: 2.1977 (2.1977)  acc1: 55.4688 (55.4688)  acc5: 80.2734 (80.2734)  time: 14.4218  data: 14.1084  max mem: 19731
Test:  [10/98]  eta: 0:03:15  loss: 2.4151 (2.5893)  acc1: 47.0703 (46.8572)  acc5: 76.1719 (71.6264)  time: 2.2211  data: 1.9131  max mem: 19731
Test:  [20/98]  eta: 0:02:10  loss: 2.7994 (2.6959)  acc1: 38.0859 (42.4014)  acc5: 66.4062 (69.9870)  time: 1.0328  data: 0.7330  max mem: 19731
Test:  [30/98]  eta: 0:01:43  loss: 2.7409 (2.7023)  acc1: 36.9141 (40.9400)  acc5: 68.5547 (70.2621)  time: 1.1400  data: 0.8390  max mem: 19731
Test:  [40/98]  eta: 0:01:22  loss: 2.7382 (2.7101)  acc1: 41.0156 (41.4158)  acc5: 68.5547 (70.0171)  time: 1.1629  data: 0.8505  max mem: 19731
Test:  [50/98]  eta: 0:01:05  loss: 3.3129 (2.8860)  acc1: 31.4453 (38.9629)  acc5: 56.0547 (66.7165)  time: 1.0968  data: 0.7897  max mem: 19731
Test:  [60/98]  eta: 0:00:49  loss: 3.5218 (2.9799)  acc1: 28.9062 (37.9387)  acc5: 53.3203 (64.8758)  time: 1.0835  data: 0.7873  max mem: 19731
Test:  [70/98]  eta: 0:00:35  loss: 3.3980 (3.0524)  acc1: 32.8125 (37.0213)  acc5: 55.2734 (63.4848)  time: 1.0983  data: 0.8036  max mem: 19731
Test:  [80/98]  eta: 0:00:22  loss: 3.6342 (3.1413)  acc1: 28.3203 (35.7181)  acc5: 51.3672 (61.7549)  time: 1.0763  data: 0.7801  max mem: 19731
Test:  [90/98]  eta: 0:00:09  loss: 3.7075 (3.1880)  acc1: 26.5625 (34.8622)  acc5: 50.3906 (60.8366)  time: 0.9823  data: 0.6855  max mem: 19731
Test:  [97/98]  eta: 0:00:01  loss: 3.4958 (3.1503)  acc1: 31.0547 (35.6160)  acc5: 54.1016 (61.5040)  time: 0.8384  data: 0.5570  max mem: 19731
Test: Total time: 0:01:53 (1.1608 s / it)
* Acc@1 35.616 Acc@5 61.504 loss 3.150
Accuracy of the network on the 50000 test images: 35.6%
Max accuracy: 35.62%
Epoch: [12]  [  0/625]  eta: 2:39:37  lr: 0.001993  loss: 5.2280 (5.2280)  time: 15.3237  data: 13.5079  max mem: 19731
Epoch: [12]  [100/625]  eta: 0:11:43  lr: 0.001993  loss: 5.4022 (5.3500)  time: 1.1423  data: 0.0006  max mem: 19731
Epoch: [12]  [200/625]  eta: 0:08:51  lr: 0.001993  loss: 5.6148 (5.3863)  time: 1.1496  data: 0.0006  max mem: 19731
Epoch: [12]  [300/625]  eta: 0:06:36  lr: 0.001993  loss: 5.3500 (5.3555)  time: 1.1445  data: 0.0006  max mem: 19731
Epoch: [12]  [400/625]  eta: 0:04:30  lr: 0.001993  loss: 5.6753 (5.3713)  time: 1.1596  data: 0.0006  max mem: 19731
Epoch: [12]  [500/625]  eta: 0:02:29  lr: 0.001993  loss: 5.2750 (5.3603)  time: 1.1604  data: 0.0006  max mem: 19731
Epoch: [12]  [600/625]  eta: 0:00:29  lr: 0.001993  loss: 5.6427 (5.3557)  time: 1.1669  data: 0.0007  max mem: 19731
Epoch: [12]  [624/625]  eta: 0:00:01  lr: 0.001993  loss: 5.4217 (5.3537)  time: 1.0481  data: 0.0017  max mem: 19731
Epoch: [12] Total time: 0:12:19 (1.1839 s / it)
Averaged stats: lr: 0.001993  loss: 5.4217 (5.3748)
Test:  [ 0/98]  eta: 0:25:00  loss: 2.1443 (2.1443)  acc1: 55.4688 (55.4688)  acc5: 81.8359 (81.8359)  time: 15.3161  data: 14.9758  max mem: 19731
Test:  [10/98]  eta: 0:03:19  loss: 2.3169 (2.4805)  acc1: 50.0000 (49.0057)  acc5: 76.7578 (72.9581)  time: 2.2698  data: 1.9743  max mem: 19731
Test:  [20/98]  eta: 0:02:13  loss: 2.7281 (2.5833)  acc1: 39.4531 (44.5126)  acc5: 69.9219 (71.7355)  time: 1.0380  data: 0.7511  max mem: 19731
Test:  [30/98]  eta: 0:01:43  loss: 2.6981 (2.5919)  acc1: 38.2812 (43.4098)  acc5: 71.0938 (72.1900)  time: 1.1106  data: 0.8132  max mem: 19731
Test:  [40/98]  eta: 0:01:21  loss: 2.5648 (2.5864)  acc1: 43.9453 (44.1359)  acc5: 73.2422 (72.1418)  time: 1.0920  data: 0.7884  max mem: 19731
Test:  [50/98]  eta: 0:01:04  loss: 3.0486 (2.7512)  acc1: 37.1094 (41.7394)  acc5: 60.7422 (68.9262)  time: 1.0429  data: 0.7516  max mem: 19731
Test:  [60/98]  eta: 0:00:49  loss: 3.3856 (2.8374)  acc1: 31.2500 (40.6858)  acc5: 56.0547 (67.2900)  time: 1.0548  data: 0.7746  max mem: 19731
Test:  [70/98]  eta: 0:00:35  loss: 3.2841 (2.9094)  acc1: 31.6406 (39.4449)  acc5: 57.4219 (65.8698)  time: 1.0861  data: 0.8098  max mem: 19731
Test:  [80/98]  eta: 0:00:22  loss: 3.3713 (2.9857)  acc1: 31.2500 (38.2330)  acc5: 54.8828 (64.3109)  time: 1.0459  data: 0.7618  max mem: 19731
Test:  [90/98]  eta: 0:00:09  loss: 3.5752 (3.0358)  acc1: 29.2969 (37.3090)  acc5: 52.5391 (63.4293)  time: 0.9842  data: 0.6890  max mem: 19731
Test:  [97/98]  eta: 0:00:01  loss: 3.1838 (2.9931)  acc1: 33.5938 (38.1500)  acc5: 59.3750 (64.1400)  time: 0.8750  data: 0.5977  max mem: 19731
Test: Total time: 0:01:53 (1.1572 s / it)
* Acc@1 38.150 Acc@5 64.140 loss 2.993
Accuracy of the network on the 50000 test images: 38.2%
Max accuracy: 38.15%
Epoch: [13]  [  0/625]  eta: 3:00:53  lr: 0.001992  loss: 5.9414 (5.9414)  time: 17.3653  data: 15.3803  max mem: 19731
Epoch: [13]  [100/625]  eta: 0:11:37  lr: 0.001992  loss: 5.1921 (5.2943)  time: 1.1569  data: 0.0014  max mem: 19731
Epoch: [13]  [200/625]  eta: 0:08:46  lr: 0.001992  loss: 5.4445 (5.3189)  time: 1.1525  data: 0.0009  max mem: 19731
Epoch: [13]  [300/625]  eta: 0:06:31  lr: 0.001992  loss: 5.1819 (5.3177)  time: 1.1370  data: 0.0005  max mem: 19731
Epoch: [13]  [400/625]  eta: 0:04:27  lr: 0.001992  loss: 5.3480 (5.3282)  time: 1.1523  data: 0.0005  max mem: 19731
Epoch: [13]  [500/625]  eta: 0:02:27  lr: 0.001992  loss: 5.5218 (5.3372)  time: 1.1257  data: 0.0005  max mem: 19731
Epoch: [13]  [600/625]  eta: 0:00:29  lr: 0.001992  loss: 5.1464 (5.3223)  time: 1.1005  data: 0.0005  max mem: 19731
Epoch: [13]  [624/625]  eta: 0:00:01  lr: 0.001992  loss: 5.6679 (5.3276)  time: 1.0350  data: 0.0012  max mem: 19731
Epoch: [13] Total time: 0:12:09 (1.1671 s / it)
Averaged stats: lr: 0.001992  loss: 5.6679 (5.3184)
Test:  [ 0/98]  eta: 0:22:29  loss: 2.0541 (2.0541)  acc1: 54.8828 (54.8828)  acc5: 81.8359 (81.8359)  time: 13.7688  data: 13.4709  max mem: 19731
Test:  [10/98]  eta: 0:03:03  loss: 2.2259 (2.4150)  acc1: 54.1016 (49.4141)  acc5: 76.3672 (73.6151)  time: 2.0841  data: 1.8239  max mem: 19731
Test:  [20/98]  eta: 0:02:02  loss: 2.4415 (2.4653)  acc1: 44.1406 (46.1403)  acc5: 71.4844 (73.2515)  time: 0.9597  data: 0.7076  max mem: 19731
Test:  [30/98]  eta: 0:01:37  loss: 2.4480 (2.4614)  acc1: 43.5547 (44.9345)  acc5: 73.8281 (73.9730)  time: 1.0656  data: 0.8138  max mem: 19731
Test:  [40/98]  eta: 0:01:16  loss: 2.4970 (2.4796)  acc1: 43.5547 (45.4078)  acc5: 73.4375 (73.5423)  time: 1.0502  data: 0.7983  max mem: 19731
Test:  [50/98]  eta: 0:01:00  loss: 3.1411 (2.6616)  acc1: 35.9375 (42.7160)  acc5: 61.3281 (70.2665)  time: 0.9907  data: 0.7396  max mem: 19731
Test:  [60/98]  eta: 0:00:45  loss: 3.3162 (2.7455)  acc1: 32.8125 (41.8929)  acc5: 56.8359 (68.7852)  time: 0.9741  data: 0.7174  max mem: 19731
Test:  [70/98]  eta: 0:00:33  loss: 3.2069 (2.8259)  acc1: 32.4219 (40.4242)  acc5: 60.3516 (67.3333)  time: 1.0019  data: 0.7395  max mem: 19731
Test:  [80/98]  eta: 0:00:20  loss: 3.3503 (2.8986)  acc1: 31.6406 (39.4555)  acc5: 57.0312 (65.9650)  time: 0.9847  data: 0.7192  max mem: 19731
Test:  [90/98]  eta: 0:00:08  loss: 3.3920 (2.9437)  acc1: 31.8359 (38.6611)  acc5: 55.8594 (65.0498)  time: 0.9035  data: 0.6355  max mem: 19731
Test:  [97/98]  eta: 0:00:01  loss: 3.1132 (2.8977)  acc1: 36.5234 (39.5220)  acc5: 61.9141 (65.8800)  time: 0.8046  data: 0.5446  max mem: 19731
Test: Total time: 0:01:45 (1.0804 s / it)
* Acc@1 39.522 Acc@5 65.880 loss 2.898
Accuracy of the network on the 50000 test images: 39.5%
Max accuracy: 39.52%
Epoch: [14]  [  0/625]  eta: 2:12:47  lr: 0.001991  loss: 5.2466 (5.2466)  time: 12.7478  data: 11.5042  max mem: 19731
Epoch: [14]  [100/625]  eta: 0:10:53  lr: 0.001991  loss: 5.3396 (5.3268)  time: 1.0917  data: 0.0005  max mem: 19731
Epoch: [14]  [200/625]  eta: 0:08:18  lr: 0.001991  loss: 5.0584 (5.2999)  time: 1.1000  data: 0.0005  max mem: 19731
Epoch: [14]  [300/625]  eta: 0:06:13  lr: 0.001991  loss: 4.8687 (5.2755)  time: 1.0997  data: 0.0005  max mem: 19731
Epoch: [14]  [400/625]  eta: 0:04:15  lr: 0.001991  loss: 5.2831 (5.2638)  time: 1.1045  data: 0.0005  max mem: 19731
Epoch: [14]  [500/625]  eta: 0:02:20  lr: 0.001991  loss: 5.1145 (5.2586)  time: 1.0546  data: 0.0004  max mem: 19731
Epoch: [14]  [600/625]  eta: 0:00:28  lr: 0.001991  loss: 5.2000 (5.2471)  time: 1.2282  data: 0.0008  max mem: 19731
Epoch: [14]  [624/625]  eta: 0:00:01  lr: 0.001991  loss: 5.5071 (5.2504)  time: 1.0588  data: 0.0025  max mem: 19731
Epoch: [14] Total time: 0:11:51 (1.1391 s / it)
Averaged stats: lr: 0.001991  loss: 5.5071 (5.2451)
Test:  [ 0/98]  eta: 0:31:06  loss: 1.9928 (1.9928)  acc1: 55.0781 (55.0781)  acc5: 84.1797 (84.1797)  time: 19.0478  data: 18.7050  max mem: 19731
Test:  [10/98]  eta: 0:03:21  loss: 2.1710 (2.2204)  acc1: 54.2969 (53.1783)  acc5: 77.1484 (77.0774)  time: 2.2878  data: 1.9782  max mem: 19731
Test:  [20/98]  eta: 0:02:21  loss: 2.5574 (2.3617)  acc1: 42.7734 (48.7537)  acc5: 71.2891 (75.0930)  time: 0.9564  data: 0.6429  max mem: 19731
Test:  [30/98]  eta: 0:01:48  loss: 2.3103 (2.3594)  acc1: 42.7734 (47.5617)  acc5: 74.6094 (75.7245)  time: 1.2117  data: 0.8788  max mem: 19731
Test:  [40/98]  eta: 0:01:25  loss: 2.2754 (2.3595)  acc1: 47.0703 (48.0469)  acc5: 75.9766 (75.6383)  time: 1.1303  data: 0.7767  max mem: 19731
Test:  [50/98]  eta: 0:01:06  loss: 2.8266 (2.5281)  acc1: 40.0391 (45.3738)  acc5: 64.8438 (72.7175)  time: 1.0627  data: 0.7072  max mem: 19731
Test:  [60/98]  eta: 0:00:50  loss: 3.1320 (2.6287)  acc1: 34.5703 (44.1694)  acc5: 62.6953 (70.8760)  time: 1.0332  data: 0.6940  max mem: 19731
Test:  [70/98]  eta: 0:00:36  loss: 3.1458 (2.7051)  acc1: 34.5703 (42.8312)  acc5: 61.5234 (69.5478)  time: 1.1360  data: 0.7928  max mem: 19731
Test:  [80/98]  eta: 0:00:23  loss: 3.2489 (2.7793)  acc1: 33.9844 (41.7269)  acc5: 59.7656 (68.1424)  time: 1.1133  data: 0.7701  max mem: 19731
Test:  [90/98]  eta: 0:00:10  loss: 3.2962 (2.8301)  acc1: 33.9844 (40.7194)  acc5: 58.2031 (67.1617)  time: 1.0236  data: 0.6935  max mem: 19731
Test:  [97/98]  eta: 0:00:01  loss: 2.9592 (2.7952)  acc1: 37.5000 (41.3640)  acc5: 63.0859 (67.6720)  time: 0.8925  data: 0.5883  max mem: 19731
Test: Total time: 0:01:57 (1.1987 s / it)
* Acc@1 41.364 Acc@5 67.672 loss 2.795
Accuracy of the network on the 50000 test images: 41.4%
Max accuracy: 41.36%
Epoch: [15]  [  0/625]  eta: 2:34:29  lr: 0.001989  loss: 4.8020 (4.8020)  time: 14.8311  data: 12.8225  max mem: 19731
Epoch: [15]  [100/625]  eta: 0:12:22  lr: 0.001989  loss: 5.4204 (5.3177)  time: 1.2219  data: 0.0007  max mem: 19731
Epoch: [15]  [200/625]  eta: 0:09:19  lr: 0.001989  loss: 5.1708 (5.2550)  time: 1.2291  data: 0.0007  max mem: 19731
Epoch: [15]  [300/625]  eta: 0:06:57  lr: 0.001989  loss: 5.5293 (5.2392)  time: 1.2166  data: 0.0006  max mem: 19731
Epoch: [15]  [400/625]  eta: 0:04:44  lr: 0.001989  loss: 5.2056 (5.2384)  time: 1.2037  data: 0.0007  max mem: 19731
Epoch: [15]  [500/625]  eta: 0:02:36  lr: 0.001989  loss: 5.2724 (5.2204)  time: 1.2000  data: 0.0008  max mem: 19731
Epoch: [15]  [600/625]  eta: 0:00:31  lr: 0.001989  loss: 5.0939 (5.2187)  time: 1.2209  data: 0.0008  max mem: 19731
Epoch: [15]  [624/625]  eta: 0:00:01  lr: 0.001989  loss: 5.1184 (5.2145)  time: 1.0566  data: 0.0020  max mem: 19731
Epoch: [15] Total time: 0:12:56 (1.2427 s / it)
Averaged stats: lr: 0.001989  loss: 5.1184 (5.2007)
Test:  [ 0/98]  eta: 0:28:59  loss: 1.9223 (1.9223)  acc1: 58.2031 (58.2031)  acc5: 84.3750 (84.3750)  time: 17.7524  data: 17.4505  max mem: 19731
Test:  [10/98]  eta: 0:03:40  loss: 2.1501 (2.2396)  acc1: 55.2734 (53.0717)  acc5: 78.9062 (76.7756)  time: 2.5109  data: 2.1862  max mem: 19731
Test:  [20/98]  eta: 0:02:22  loss: 2.3223 (2.3591)  acc1: 43.5547 (48.4468)  acc5: 70.3125 (75.1488)  time: 1.0286  data: 0.7185  max mem: 19731
Test:  [30/98]  eta: 0:01:48  loss: 2.2699 (2.3177)  acc1: 46.0938 (48.0784)  acc5: 77.9297 (76.5121)  time: 1.1021  data: 0.8064  max mem: 19731
Test:  [40/98]  eta: 0:01:26  loss: 2.1726 (2.3159)  acc1: 47.6562 (48.5375)  acc5: 77.3438 (76.2624)  time: 1.1492  data: 0.8454  max mem: 19731
Test:  [50/98]  eta: 0:01:07  loss: 3.0095 (2.4895)  acc1: 37.6953 (45.7414)  acc5: 64.2578 (73.2422)  time: 1.1170  data: 0.8082  max mem: 19731
Test:  [60/98]  eta: 0:00:51  loss: 3.0798 (2.5845)  acc1: 36.3281 (44.7650)  acc5: 61.7188 (71.5612)  time: 1.0892  data: 0.7669  max mem: 19731
Test:  [70/98]  eta: 0:00:37  loss: 2.9892 (2.6549)  acc1: 35.7422 (43.5547)  acc5: 61.7188 (70.2465)  time: 1.1038  data: 0.7852  max mem: 19731
Test:  [80/98]  eta: 0:00:23  loss: 3.1697 (2.7279)  acc1: 34.5703 (42.5926)  acc5: 60.5469 (68.8778)  time: 1.0382  data: 0.7358  max mem: 19731
Test:  [90/98]  eta: 0:00:09  loss: 3.2048 (2.7813)  acc1: 33.5938 (41.4985)  acc5: 58.7891 (67.8614)  time: 0.9724  data: 0.6673  max mem: 19731
Test:  [97/98]  eta: 0:00:01  loss: 2.8693 (2.7482)  acc1: 34.3750 (42.1800)  acc5: 62.5000 (68.4460)  time: 0.8872  data: 0.5978  max mem: 19731
Test: Total time: 0:01:57 (1.1940 s / it)
* Acc@1 42.180 Acc@5 68.446 loss 2.748
Accuracy of the network on the 50000 test images: 42.2%
Max accuracy: 42.18%
Epoch: [16]  [  0/625]  eta: 3:23:38  lr: 0.001988  loss: 5.7723 (5.7723)  time: 19.5498  data: 15.6871  max mem: 19731
Epoch: [16]  [100/625]  eta: 0:12:19  lr: 0.001988  loss: 5.3207 (5.2776)  time: 1.2057  data: 0.0007  max mem: 19731
Epoch: [16]  [200/625]  eta: 0:09:18  lr: 0.001988  loss: 5.3081 (5.2397)  time: 1.2116  data: 0.0006  max mem: 19731
Epoch: [16]  [300/625]  eta: 0:06:56  lr: 0.001988  loss: 5.2287 (5.2320)  time: 1.2249  data: 0.0007  max mem: 19731
Epoch: [16]  [400/625]  eta: 0:04:44  lr: 0.001988  loss: 4.9878 (5.2060)  time: 1.2167  data: 0.0010  max mem: 19731
Epoch: [16]  [500/625]  eta: 0:02:36  lr: 0.001988  loss: 5.2826 (5.1895)  time: 1.2012  data: 0.0007  max mem: 19731
Epoch: [16]  [600/625]  eta: 0:00:31  lr: 0.001988  loss: 5.0237 (5.1686)  time: 1.1946  data: 0.0007  max mem: 19731
Epoch: [16]  [624/625]  eta: 0:00:01  lr: 0.001988  loss: 4.9871 (5.1649)  time: 1.0535  data: 0.0022  max mem: 19731
Epoch: [16] Total time: 0:12:54 (1.2393 s / it)
Averaged stats: lr: 0.001988  loss: 4.9871 (5.1656)
Test:  [ 0/98]  eta: 0:30:45  loss: 1.8560 (1.8560)  acc1: 57.8125 (57.8125)  acc5: 85.7422 (85.7422)  time: 18.8332  data: 18.5305  max mem: 19731
Test:  [10/98]  eta: 0:03:39  loss: 1.9453 (2.0768)  acc1: 58.7891 (56.0902)  acc5: 82.0312 (79.1016)  time: 2.4917  data: 2.1959  max mem: 19731
Test:  [20/98]  eta: 0:02:23  loss: 2.3022 (2.2087)  acc1: 47.8516 (51.4974)  acc5: 76.7578 (78.0692)  time: 0.9892  data: 0.6913  max mem: 19731
Test:  [30/98]  eta: 0:01:47  loss: 2.2897 (2.2124)  acc1: 47.2656 (50.5544)  acc5: 77.5391 (78.6794)  time: 1.0800  data: 0.7566  max mem: 19731
Test:  [40/98]  eta: 0:01:24  loss: 2.2106 (2.2134)  acc1: 50.1953 (50.8765)  acc5: 79.4922 (78.6395)  time: 1.0579  data: 0.7091  max mem: 19731
Test:  [50/98]  eta: 0:01:05  loss: 3.0242 (2.4013)  acc1: 38.8672 (47.6524)  acc5: 64.4531 (75.2834)  time: 1.0542  data: 0.7204  max mem: 19731
Test:  [60/98]  eta: 0:00:51  loss: 3.0518 (2.4945)  acc1: 34.7656 (46.4428)  acc5: 62.3047 (73.4215)  time: 1.1101  data: 0.7995  max mem: 19731
Test:  [70/98]  eta: 0:00:36  loss: 2.9824 (2.5690)  acc1: 38.0859 (45.3455)  acc5: 63.2812 (72.0813)  time: 1.1163  data: 0.8160  max mem: 19731
Test:  [80/98]  eta: 0:00:22  loss: 3.1456 (2.6495)  acc1: 36.1328 (44.1889)  acc5: 61.5234 (70.5802)  time: 1.0570  data: 0.7465  max mem: 19731
Test:  [90/98]  eta: 0:00:09  loss: 3.2023 (2.6972)  acc1: 34.5703 (43.3250)  acc5: 60.7422 (69.7394)  time: 1.0353  data: 0.7163  max mem: 19731
Test:  [97/98]  eta: 0:00:01  loss: 2.7931 (2.6585)  acc1: 40.4297 (44.0840)  acc5: 64.6484 (70.3380)  time: 0.8513  data: 0.5569  max mem: 19731
Test: Total time: 0:01:56 (1.1870 s / it)
* Acc@1 44.084 Acc@5 70.338 loss 2.659
Accuracy of the network on the 50000 test images: 44.1%
Max accuracy: 44.08%
Epoch: [17]  [  0/625]  eta: 2:55:30  lr: 0.001986  loss: 4.4409 (4.4409)  time: 16.8482  data: 15.1403  max mem: 19731
Epoch: [17]  [100/625]  eta: 0:12:03  lr: 0.001986  loss: 5.3660 (5.1594)  time: 1.1964  data: 0.0007  max mem: 19731
Epoch: [17]  [200/625]  eta: 0:09:07  lr: 0.001986  loss: 5.1970 (5.1331)  time: 1.1936  data: 0.0012  max mem: 19731
Epoch: [17]  [300/625]  eta: 0:06:48  lr: 0.001986  loss: 5.0872 (5.1307)  time: 1.2079  data: 0.0007  max mem: 19731
Epoch: [17]  [400/625]  eta: 0:04:39  lr: 0.001986  loss: 5.4048 (5.1474)  time: 1.1864  data: 0.0007  max mem: 19731
Epoch: [17]  [500/625]  eta: 0:02:34  lr: 0.001986  loss: 5.3307 (5.1449)  time: 1.1914  data: 0.0007  max mem: 19731
Epoch: [17]  [600/625]  eta: 0:00:30  lr: 0.001986  loss: 4.9502 (5.1388)  time: 1.1903  data: 0.0007  max mem: 19731
Epoch: [17]  [624/625]  eta: 0:00:01  lr: 0.001986  loss: 5.1042 (5.1355)  time: 1.0469  data: 0.0023  max mem: 19731
Epoch: [17] Total time: 0:12:43 (1.2209 s / it)
Averaged stats: lr: 0.001986  loss: 5.1042 (5.1200)
Test:  [ 0/98]  eta: 0:28:06  loss: 2.0688 (2.0688)  acc1: 55.4688 (55.4688)  acc5: 81.8359 (81.8359)  time: 17.2075  data: 16.7520  max mem: 19731
Test:  [10/98]  eta: 0:03:35  loss: 2.0978 (2.1718)  acc1: 55.4688 (55.2024)  acc5: 79.4922 (77.9119)  time: 2.4508  data: 2.1455  max mem: 19731
Test:  [20/98]  eta: 0:02:21  loss: 2.2584 (2.2165)  acc1: 46.4844 (51.9345)  acc5: 77.1484 (78.0785)  time: 1.0471  data: 0.7549  max mem: 19731
Test:  [30/98]  eta: 0:01:49  loss: 2.1525 (2.1830)  acc1: 47.6562 (51.4869)  acc5: 80.0781 (79.0638)  time: 1.1368  data: 0.8409  max mem: 19731
Test:  [40/98]  eta: 0:01:26  loss: 2.1180 (2.1897)  acc1: 51.3672 (51.8483)  acc5: 80.0781 (78.7062)  time: 1.1343  data: 0.8311  max mem: 19731
Test:  [50/98]  eta: 0:01:07  loss: 2.7313 (2.3632)  acc1: 40.6250 (49.0196)  acc5: 66.2109 (75.5400)  time: 1.1000  data: 0.7861  max mem: 19731
Test:  [60/98]  eta: 0:00:51  loss: 3.0064 (2.4511)  acc1: 39.4531 (47.7203)  acc5: 64.2578 (73.8025)  time: 1.0790  data: 0.7699  max mem: 19731
Test:  [70/98]  eta: 0:00:36  loss: 2.9761 (2.5287)  acc1: 39.6484 (46.3496)  acc5: 63.6719 (72.3757)  time: 1.0793  data: 0.7754  max mem: 19731
Test:  [80/98]  eta: 0:00:23  loss: 3.0312 (2.6036)  acc1: 37.6953 (45.2884)  acc5: 60.5469 (70.9057)  time: 1.0586  data: 0.7242  max mem: 19731
Test:  [90/98]  eta: 0:00:09  loss: 3.1311 (2.6503)  acc1: 37.5000 (44.3832)  acc5: 59.9609 (70.0979)  time: 0.9811  data: 0.6419  max mem: 19731
Test:  [97/98]  eta: 0:00:01  loss: 2.8030 (2.6139)  acc1: 41.2109 (45.0880)  acc5: 66.0156 (70.7040)  time: 0.8371  data: 0.5270  max mem: 19731
Test: Total time: 0:01:56 (1.1875 s / it)
* Acc@1 45.088 Acc@5 70.704 loss 2.614
Accuracy of the network on the 50000 test images: 45.1%
Max accuracy: 45.09%
Epoch: [18]  [  0/625]  eta: 3:04:58  lr: 0.001984  loss: 5.5863 (5.5863)  time: 17.7571  data: 15.8203  max mem: 19731
Epoch: [18]  [100/625]  eta: 0:12:02  lr: 0.001984  loss: 5.3114 (5.1800)  time: 1.1946  data: 0.0006  max mem: 19731
Epoch: [18]  [200/625]  eta: 0:09:03  lr: 0.001984  loss: 5.1992 (5.1644)  time: 1.1677  data: 0.0006  max mem: 19731
Epoch: [18]  [300/625]  eta: 0:06:43  lr: 0.001984  loss: 5.4584 (5.1861)  time: 1.1708  data: 0.0006  max mem: 19731
Epoch: [18]  [400/625]  eta: 0:04:35  lr: 0.001984  loss: 5.2875 (5.1358)  time: 1.1548  data: 0.0006  max mem: 19731
Epoch: [18]  [500/625]  eta: 0:02:31  lr: 0.001984  loss: 5.0535 (5.1173)  time: 1.1668  data: 0.0006  max mem: 19731
Epoch: [18]  [600/625]  eta: 0:00:30  lr: 0.001984  loss: 5.2448 (5.1157)  time: 1.1349  data: 0.0006  max mem: 19731
Epoch: [18]  [624/625]  eta: 0:00:01  lr: 0.001984  loss: 4.9769 (5.1096)  time: 1.0581  data: 0.0016  max mem: 19731
Epoch: [18] Total time: 0:12:30 (1.2007 s / it)
Averaged stats: lr: 0.001984  loss: 4.9769 (5.1103)
Test:  [ 0/98]  eta: 0:25:06  loss: 1.9606 (1.9606)  acc1: 58.7891 (58.7891)  acc5: 83.5938 (83.5938)  time: 15.3768  data: 14.9869  max mem: 19731
Test:  [10/98]  eta: 0:03:15  loss: 1.9606 (1.9972)  acc1: 58.0078 (56.9780)  acc5: 83.2031 (80.9482)  time: 2.2246  data: 1.9248  max mem: 19731
Test:  [20/98]  eta: 0:02:16  loss: 2.2523 (2.1182)  acc1: 49.2188 (52.8553)  acc5: 78.5156 (79.9665)  time: 1.0632  data: 0.7731  max mem: 19731
Test:  [30/98]  eta: 0:01:43  loss: 2.1961 (2.1203)  acc1: 49.0234 (52.1421)  acc5: 79.4922 (80.3049)  time: 1.1447  data: 0.8502  max mem: 19731
Test:  [40/98]  eta: 0:01:23  loss: 2.1089 (2.1417)  acc1: 52.3438 (52.4295)  acc5: 79.4922 (79.7971)  time: 1.1043  data: 0.8060  max mem: 19731
Test:  [50/98]  eta: 0:01:04  loss: 2.7126 (2.3220)  acc1: 41.9922 (49.2379)  acc5: 66.2109 (76.4170)  time: 1.0697  data: 0.7660  max mem: 19731
Test:  [60/98]  eta: 0:00:49  loss: 3.0176 (2.4038)  acc1: 35.5469 (48.1878)  acc5: 63.0859 (74.8495)  time: 1.0111  data: 0.7115  max mem: 19731
Test:  [70/98]  eta: 0:00:35  loss: 2.9673 (2.4869)  acc1: 38.0859 (46.6357)  acc5: 64.6484 (73.2504)  time: 1.1122  data: 0.8222  max mem: 19731
Test:  [80/98]  eta: 0:00:22  loss: 3.0295 (2.5630)  acc1: 35.9375 (45.4138)  acc5: 61.7188 (71.9208)  time: 1.0961  data: 0.7926  max mem: 19731
Test:  [90/98]  eta: 0:00:09  loss: 3.1554 (2.6117)  acc1: 35.3516 (44.4647)  acc5: 61.5234 (71.1109)  time: 0.9279  data: 0.6123  max mem: 19731
Test:  [97/98]  eta: 0:00:01  loss: 2.7382 (2.5760)  acc1: 39.0625 (45.1900)  acc5: 69.1406 (71.6180)  time: 0.8408  data: 0.5428  max mem: 19731
Test: Total time: 0:01:53 (1.1562 s / it)
* Acc@1 45.190 Acc@5 71.618 loss 2.576
Accuracy of the network on the 50000 test images: 45.2%
Max accuracy: 45.19%
Epoch: [19]  [  0/625]  eta: 2:41:44  lr: 0.001982  loss: 5.6137 (5.6137)  time: 15.5266  data: 14.2292  max mem: 19731
Epoch: [19]  [100/625]  eta: 0:11:41  lr: 0.001982  loss: 5.2604 (5.0747)  time: 1.1765  data: 0.0006  max mem: 19731
Epoch: [19]  [200/625]  eta: 0:08:50  lr: 0.001982  loss: 5.3702 (5.0902)  time: 1.1469  data: 0.0005  max mem: 19731
Epoch: [19]  [300/625]  eta: 0:06:34  lr: 0.001982  loss: 5.0356 (5.0306)  time: 1.1070  data: 0.0006  max mem: 19731
Epoch: [19]  [400/625]  eta: 0:04:26  lr: 0.001982  loss: 5.1131 (5.0112)  time: 1.0929  data: 0.0005  max mem: 19731
Epoch: [19]  [500/625]  eta: 0:02:25  lr: 0.001982  loss: 4.5493 (5.0126)  time: 1.1139  data: 0.0005  max mem: 19731
Epoch: [19]  [600/625]  eta: 0:00:28  lr: 0.001982  loss: 5.1639 (5.0069)  time: 1.1063  data: 0.0005  max mem: 19731
Epoch: [19]  [624/625]  eta: 0:00:01  lr: 0.001982  loss: 4.9959 (5.0052)  time: 1.0340  data: 0.0013  max mem: 19731
Epoch: [19] Total time: 0:12:00 (1.1523 s / it)
Averaged stats: lr: 0.001982  loss: 4.9959 (5.0586)
Test:  [ 0/98]  eta: 0:21:57  loss: 1.9159 (1.9159)  acc1: 57.6172 (57.6172)  acc5: 84.1797 (84.1797)  time: 13.4400  data: 13.1731  max mem: 19731
Test:  [10/98]  eta: 0:03:01  loss: 2.0493 (2.1235)  acc1: 57.4219 (56.2500)  acc5: 79.6875 (79.4034)  time: 2.0658  data: 1.8133  max mem: 19731
Test:  [20/98]  eta: 0:01:59  loss: 2.2388 (2.2149)  acc1: 48.0469 (52.2879)  acc5: 76.9531 (78.5342)  time: 0.9427  data: 0.6935  max mem: 19731
Test:  [30/98]  eta: 0:01:34  loss: 2.2388 (2.1779)  acc1: 48.4375 (52.0665)  acc5: 78.3203 (79.8450)  time: 1.0286  data: 0.7746  max mem: 19731
Test:  [40/98]  eta: 0:01:15  loss: 2.0469 (2.1658)  acc1: 53.9062 (52.8011)  acc5: 82.2266 (79.8685)  time: 1.0628  data: 0.8038  max mem: 19731
Test:  [50/98]  eta: 0:00:59  loss: 2.8552 (2.3385)  acc1: 41.6016 (49.7281)  acc5: 66.7969 (76.6850)  time: 1.0000  data: 0.7476  max mem: 19731
Test:  [60/98]  eta: 0:00:44  loss: 2.9221 (2.4274)  acc1: 38.6719 (48.6136)  acc5: 65.8203 (74.9808)  time: 0.9328  data: 0.6818  max mem: 19731
Test:  [70/98]  eta: 0:00:32  loss: 2.8993 (2.5021)  acc1: 40.2344 (47.2134)  acc5: 66.4062 (73.5420)  time: 0.9785  data: 0.7206  max mem: 19731
Test:  [80/98]  eta: 0:00:20  loss: 3.0046 (2.5702)  acc1: 38.2812 (46.1396)  acc5: 62.6953 (72.3042)  time: 1.0092  data: 0.7413  max mem: 19731
Test:  [90/98]  eta: 0:00:08  loss: 3.0715 (2.6167)  acc1: 38.2812 (45.1708)  acc5: 62.3047 (71.4071)  time: 0.9333  data: 0.6723  max mem: 19731
Test:  [97/98]  eta: 0:00:01  loss: 2.5943 (2.5796)  acc1: 41.4062 (45.8240)  acc5: 68.9453 (72.0280)  time: 0.8062  data: 0.5569  max mem: 19731
Test: Total time: 0:01:45 (1.0769 s / it)
* Acc@1 45.824 Acc@5 72.028 loss 2.580
Accuracy of the network on the 50000 test images: 45.8%
Max accuracy: 45.82%
Epoch: [20]  [  0/625]  eta: 2:28:07  lr: 0.001980  loss: 5.6357 (5.6357)  time: 14.2193  data: 13.0114  max mem: 19731
Epoch: [20]  [100/625]  eta: 0:10:55  lr: 0.001980  loss: 5.0771 (5.0936)  time: 1.1115  data: 0.0005  max mem: 19731
Epoch: [20]  [200/625]  eta: 0:08:16  lr: 0.001980  loss: 5.2480 (5.1025)  time: 1.0596  data: 0.0004  max mem: 19731
Epoch: [20]  [300/625]  eta: 0:06:21  lr: 0.001980  loss: 4.7688 (5.0698)  time: 1.2268  data: 0.0011  max mem: 19731
Epoch: [20]  [400/625]  eta: 0:04:27  lr: 0.001980  loss: 5.5126 (5.0733)  time: 1.2093  data: 0.0007  max mem: 19731
Epoch: [20]  [500/625]  eta: 0:02:29  lr: 0.001980  loss: 4.6962 (5.0616)  time: 1.1994  data: 0.0007  max mem: 19731
Epoch: [20]  [600/625]  eta: 0:00:29  lr: 0.001980  loss: 5.4065 (5.0677)  time: 1.2010  data: 0.0008  max mem: 19731
Epoch: [20]  [624/625]  eta: 0:00:01  lr: 0.001980  loss: 4.8442 (5.0659)  time: 1.0509  data: 0.0017  max mem: 19731
Epoch: [20] Total time: 0:12:24 (1.1909 s / it)
Averaged stats: lr: 0.001980  loss: 4.8442 (5.0436)
Test:  [ 0/98]  eta: 0:27:50  loss: 1.8345 (1.8345)  acc1: 60.3516 (60.3516)  acc5: 86.9141 (86.9141)  time: 17.0467  data: 16.7269  max mem: 19731
Test:  [10/98]  eta: 0:03:29  loss: 1.8491 (1.9467)  acc1: 60.3516 (58.3452)  acc5: 82.8125 (82.2621)  time: 2.3760  data: 2.0809  max mem: 19731
Test:  [20/98]  eta: 0:02:13  loss: 2.0579 (2.0130)  acc1: 51.3672 (55.1153)  acc5: 79.1016 (81.7057)  time: 0.9446  data: 0.6505  max mem: 19731
Test:  [30/98]  eta: 0:01:45  loss: 2.0202 (1.9944)  acc1: 51.3672 (54.5741)  acc5: 83.3984 (82.5101)  time: 1.0866  data: 0.7832  max mem: 19731
Test:  [40/98]  eta: 0:01:22  loss: 1.9745 (2.0208)  acc1: 55.0781 (54.5541)  acc5: 81.4453 (81.6406)  time: 1.1323  data: 0.8108  max mem: 19731
Test:  [50/98]  eta: 0:01:05  loss: 2.5735 (2.1934)  acc1: 44.3359 (51.6391)  acc5: 69.1406 (78.4620)  time: 1.0650  data: 0.7393  max mem: 19731
Test:  [60/98]  eta: 0:00:50  loss: 2.8123 (2.2838)  acc1: 40.6250 (50.5795)  acc5: 66.7969 (76.6970)  time: 1.1221  data: 0.8139  max mem: 19731
Test:  [70/98]  eta: 0:00:36  loss: 2.8424 (2.3656)  acc1: 39.6484 (49.0207)  acc5: 66.9922 (75.2833)  time: 1.1123  data: 0.8113  max mem: 19731
Test:  [80/98]  eta: 0:00:22  loss: 2.8780 (2.4429)  acc1: 39.2578 (47.9094)  acc5: 64.4531 (73.8836)  time: 1.0508  data: 0.7407  max mem: 19731
Test:  [90/98]  eta: 0:00:09  loss: 2.9229 (2.4899)  acc1: 38.4766 (46.9544)  acc5: 63.8672 (73.0211)  time: 0.9817  data: 0.6647  max mem: 19731
Test:  [97/98]  eta: 0:00:01  loss: 2.5515 (2.4506)  acc1: 43.5547 (47.5880)  acc5: 69.7266 (73.6180)  time: 0.8491  data: 0.5515  max mem: 19731
Test: Total time: 0:01:54 (1.1729 s / it)
* Acc@1 47.588 Acc@5 73.618 loss 2.451
Accuracy of the network on the 50000 test images: 47.6%
Max accuracy: 47.59%
Epoch: [21]  [  0/625]  eta: 3:07:30  lr: 0.001978  loss: 5.2604 (5.2604)  time: 18.0003  data: 16.9289  max mem: 19731
Epoch: [21]  [100/625]  eta: 0:12:06  lr: 0.001978  loss: 5.4188 (5.0653)  time: 1.1816  data: 0.0006  max mem: 19731
Epoch: [21]  [200/625]  eta: 0:09:04  lr: 0.001978  loss: 5.1558 (4.9870)  time: 1.1699  data: 0.0007  max mem: 19731
Epoch: [21]  [300/625]  eta: 0:06:44  lr: 0.001978  loss: 4.9015 (4.9743)  time: 1.1657  data: 0.0006  max mem: 19731
Epoch: [21]  [400/625]  eta: 0:04:35  lr: 0.001978  loss: 4.5516 (4.9810)  time: 1.1461  data: 0.0007  max mem: 19731
Epoch: [21]  [500/625]  eta: 0:02:31  lr: 0.001978  loss: 5.2666 (4.9720)  time: 1.1740  data: 0.0007  max mem: 19731
Epoch: [21]  [600/625]  eta: 0:00:30  lr: 0.001978  loss: 5.0947 (4.9617)  time: 1.1351  data: 0.0008  max mem: 19731
Epoch: [21]  [624/625]  eta: 0:00:01  lr: 0.001978  loss: 5.1461 (4.9639)  time: 1.0342  data: 0.0013  max mem: 19731
Epoch: [21] Total time: 0:12:28 (1.1980 s / it)
Averaged stats: lr: 0.001978  loss: 5.1461 (4.9895)
Test:  [ 0/98]  eta: 0:25:19  loss: 1.6865 (1.6865)  acc1: 61.3281 (61.3281)  acc5: 87.6953 (87.6953)  time: 15.5030  data: 15.1962  max mem: 19731
Test:  [10/98]  eta: 0:03:21  loss: 1.7934 (1.9385)  acc1: 61.3281 (59.2685)  acc5: 86.7188 (81.8182)  time: 2.2883  data: 1.9892  max mem: 19731
Test:  [20/98]  eta: 0:02:17  loss: 1.9985 (1.9862)  acc1: 54.2969 (56.6871)  acc5: 82.2266 (82.1801)  time: 1.0708  data: 0.7800  max mem: 19731
Test:  [30/98]  eta: 0:01:43  loss: 2.0205 (2.0021)  acc1: 52.3438 (55.1096)  acc5: 82.4219 (82.4219)  time: 1.1080  data: 0.8225  max mem: 19731
Test:  [40/98]  eta: 0:01:22  loss: 1.9252 (2.0037)  acc1: 55.8594 (55.7450)  acc5: 83.5938 (82.1075)  time: 1.0746  data: 0.7823  max mem: 19731
Test:  [50/98]  eta: 0:01:04  loss: 2.6861 (2.1834)  acc1: 46.0938 (52.8110)  acc5: 69.7266 (79.0403)  time: 1.0847  data: 0.7927  max mem: 19731
Test:  [60/98]  eta: 0:00:48  loss: 2.8684 (2.2827)  acc1: 40.6250 (51.3096)  acc5: 67.5781 (77.2317)  time: 1.0079  data: 0.7189  max mem: 19731
Test:  [70/98]  eta: 0:00:35  loss: 2.7817 (2.3597)  acc1: 41.4062 (49.8349)  acc5: 67.9688 (75.7950)  time: 1.0355  data: 0.7457  max mem: 19731
Test:  [80/98]  eta: 0:00:22  loss: 2.9030 (2.4389)  acc1: 38.8672 (48.5894)  acc5: 64.6484 (74.3248)  time: 1.0732  data: 0.7801  max mem: 19731
Test:  [90/98]  eta: 0:00:09  loss: 2.9864 (2.4890)  acc1: 38.8672 (47.4974)  acc5: 64.0625 (73.4461)  time: 0.9698  data: 0.6742  max mem: 19731
Test:  [97/98]  eta: 0:00:01  loss: 2.6743 (2.4562)  acc1: 42.1875 (48.0960)  acc5: 67.9688 (73.9660)  time: 0.8300  data: 0.5533  max mem: 19731
Test: Total time: 0:01:53 (1.1617 s / it)
* Acc@1 48.096 Acc@5 73.966 loss 2.456
Accuracy of the network on the 50000 test images: 48.1%
Max accuracy: 48.10%
Epoch: [22]  [  0/625]  eta: 3:03:28  lr: 0.001976  loss: 5.2162 (5.2162)  time: 17.6143  data: 16.5738  max mem: 19731
Epoch: [22]  [100/625]  eta: 0:11:46  lr: 0.001976  loss: 5.1698 (4.9739)  time: 1.1714  data: 0.0007  max mem: 19731
Epoch: [22]  [200/625]  eta: 0:08:51  lr: 0.001976  loss: 4.9099 (4.9511)  time: 1.1548  data: 0.0006  max mem: 19731
Epoch: [22]  [300/625]  eta: 0:06:36  lr: 0.001976  loss: 4.9240 (4.9869)  time: 1.1485  data: 0.0007  max mem: 19731
Epoch: [22]  [400/625]  eta: 0:04:29  lr: 0.001976  loss: 5.1664 (5.0021)  time: 1.1242  data: 0.0006  max mem: 19731
Epoch: [22]  [500/625]  eta: 0:02:28  lr: 0.001976  loss: 5.3021 (4.9900)  time: 1.1632  data: 0.0006  max mem: 19731
Epoch: [22]  [600/625]  eta: 0:00:29  lr: 0.001976  loss: 4.9324 (4.9825)  time: 1.1578  data: 0.0005  max mem: 19731
Epoch: [22]  [624/625]  eta: 0:00:01  lr: 0.001976  loss: 5.2327 (4.9816)  time: 1.0353  data: 0.0016  max mem: 19731
Epoch: [22] Total time: 0:12:14 (1.1758 s / it)
Averaged stats: lr: 0.001976  loss: 5.2327 (4.9592)
Test:  [ 0/98]  eta: 0:24:25  loss: 1.7861 (1.7861)  acc1: 58.7891 (58.7891)  acc5: 85.9375 (85.9375)  time: 14.9586  data: 14.5360  max mem: 19731
Test:  [10/98]  eta: 0:03:10  loss: 1.7861 (1.9661)  acc1: 59.3750 (57.3331)  acc5: 84.1797 (80.6818)  time: 2.1591  data: 1.8627  max mem: 19731
Test:  [20/98]  eta: 0:02:12  loss: 1.9907 (2.0530)  acc1: 49.4141 (53.5249)  acc5: 81.6406 (80.2362)  time: 1.0372  data: 0.7568  max mem: 19731
Test:  [30/98]  eta: 0:01:42  loss: 1.9385 (1.9993)  acc1: 51.3672 (53.7991)  acc5: 82.6172 (81.6910)  time: 1.1391  data: 0.8567  max mem: 19731
Test:  [40/98]  eta: 0:01:22  loss: 1.9166 (1.9995)  acc1: 55.6641 (54.4684)  acc5: 83.3984 (81.5596)  time: 1.1234  data: 0.8299  max mem: 19731
Test:  [50/98]  eta: 0:01:04  loss: 2.6442 (2.1756)  acc1: 44.9219 (51.7770)  acc5: 69.3359 (78.4161)  time: 1.0781  data: 0.7906  max mem: 19731
Test:  [60/98]  eta: 0:00:48  loss: 2.7536 (2.2631)  acc1: 41.4062 (50.7973)  acc5: 67.3828 (76.7642)  time: 1.0052  data: 0.7175  max mem: 19731
Test:  [70/98]  eta: 0:00:35  loss: 2.7907 (2.3443)  acc1: 40.4297 (49.3288)  acc5: 67.9688 (75.4126)  time: 1.0850  data: 0.7880  max mem: 19731
Test:  [80/98]  eta: 0:00:22  loss: 2.8637 (2.4184)  acc1: 38.8672 (48.2398)  acc5: 64.6484 (74.1392)  time: 1.0784  data: 0.7824  max mem: 19731
Test:  [90/98]  eta: 0:00:09  loss: 2.9711 (2.4747)  acc1: 38.8672 (47.0274)  acc5: 63.2812 (73.2400)  time: 0.9638  data: 0.6702  max mem: 19731
Test:  [97/98]  eta: 0:00:01  loss: 2.6371 (2.4460)  acc1: 41.6016 (47.6520)  acc5: 71.4844 (73.6720)  time: 0.8293  data: 0.5501  max mem: 19731
Test: Total time: 0:01:52 (1.1496 s / it)
* Acc@1 47.652 Acc@5 73.672 loss 2.446
Accuracy of the network on the 50000 test images: 47.7%
Max accuracy: 48.10%
Epoch: [23]  [  0/625]  eta: 3:02:17  lr: 0.001974  loss: 5.3810 (5.3810)  time: 17.5000  data: 15.6175  max mem: 19731
Epoch: [23]  [100/625]  eta: 0:11:36  lr: 0.001974  loss: 5.4095 (5.1170)  time: 1.1596  data: 0.0006  max mem: 19731
Epoch: [23]  [200/625]  eta: 0:08:42  lr: 0.001974  loss: 5.1060 (5.0577)  time: 1.1258  data: 0.0005  max mem: 19731
Epoch: [23]  [300/625]  eta: 0:06:28  lr: 0.001974  loss: 5.0527 (5.0336)  time: 1.1285  data: 0.0006  max mem: 19731
Epoch: [23]  [400/625]  eta: 0:04:25  lr: 0.001974  loss: 4.4385 (4.9757)  time: 1.1197  data: 0.0006  max mem: 19731
Epoch: [23]  [500/625]  eta: 0:02:26  lr: 0.001974  loss: 5.1609 (4.9803)  time: 1.1290  data: 0.0005  max mem: 19731
Epoch: [23]  [600/625]  eta: 0:00:29  lr: 0.001974  loss: 4.7246 (4.9726)  time: 1.1258  data: 0.0007  max mem: 19731
Epoch: [23]  [624/625]  eta: 0:00:01  lr: 0.001974  loss: 5.3383 (4.9749)  time: 1.0371  data: 0.0013  max mem: 19731
Epoch: [23] Total time: 0:12:04 (1.1589 s / it)
Averaged stats: lr: 0.001974  loss: 5.3383 (4.9522)
Test:  [ 0/98]  eta: 0:24:53  loss: 1.5941 (1.5941)  acc1: 63.0859 (63.0859)  acc5: 89.2578 (89.2578)  time: 15.2424  data: 14.8179  max mem: 19731
Test:  [10/98]  eta: 0:03:13  loss: 1.7686 (1.9105)  acc1: 63.0859 (59.1442)  acc5: 84.7656 (81.8714)  time: 2.1953  data: 1.9068  max mem: 19731
Test:  [20/98]  eta: 0:02:14  loss: 1.8317 (1.9708)  acc1: 51.7578 (56.6871)  acc5: 82.6172 (81.7894)  time: 1.0442  data: 0.7630  max mem: 19731
Test:  [30/98]  eta: 0:01:43  loss: 1.9526 (1.9742)  acc1: 51.7578 (55.7271)  acc5: 82.8125 (82.5038)  time: 1.1498  data: 0.8672  max mem: 19731
Test:  [40/98]  eta: 0:01:22  loss: 1.9330 (1.9773)  acc1: 56.0547 (56.0499)  acc5: 83.5938 (82.4314)  time: 1.1011  data: 0.8054  max mem: 19731
Test:  [50/98]  eta: 0:01:04  loss: 2.5558 (2.1491)  acc1: 45.8984 (52.9067)  acc5: 72.0703 (79.4156)  time: 1.0796  data: 0.7754  max mem: 19731
Test:  [60/98]  eta: 0:00:48  loss: 2.7112 (2.2349)  acc1: 40.0391 (51.6938)  acc5: 67.1875 (77.7248)  time: 1.0197  data: 0.7265  max mem: 19731
Test:  [70/98]  eta: 0:00:35  loss: 2.6949 (2.3056)  acc1: 42.5781 (50.4456)  acc5: 68.7500 (76.4525)  time: 1.0397  data: 0.7557  max mem: 19731
Test:  [80/98]  eta: 0:00:22  loss: 2.7665 (2.3765)  acc1: 42.3828 (49.4044)  acc5: 66.4062 (75.0916)  time: 1.0723  data: 0.7830  max mem: 19731
Test:  [90/98]  eta: 0:00:09  loss: 2.8387 (2.4230)  acc1: 42.3828 (48.4675)  acc5: 66.2109 (74.2939)  time: 0.9757  data: 0.6863  max mem: 19731
Test:  [97/98]  eta: 0:00:01  loss: 2.5760 (2.3927)  acc1: 44.5312 (49.0460)  acc5: 70.3125 (74.7200)  time: 0.8537  data: 0.5799  max mem: 19731
Test: Total time: 0:01:52 (1.1457 s / it)
* Acc@1 49.046 Acc@5 74.720 loss 2.393
Accuracy of the network on the 50000 test images: 49.0%
Max accuracy: 49.05%
Epoch: [24]  [  0/625]  eta: 2:42:08  lr: 0.001971  loss: 5.7839 (5.7839)  time: 15.5663  data: 14.1085  max mem: 19731
Epoch: [24]  [100/625]  eta: 0:11:25  lr: 0.001971  loss: 4.9874 (4.9013)  time: 1.1428  data: 0.0006  max mem: 19731
Epoch: [24]  [200/625]  eta: 0:08:39  lr: 0.001971  loss: 5.0375 (4.9392)  time: 1.1176  data: 0.0006  max mem: 19731
Epoch: [24]  [300/625]  eta: 0:06:27  lr: 0.001971  loss: 5.1242 (4.9596)  time: 1.1253  data: 0.0005  max mem: 19731
Epoch: [24]  [400/625]  eta: 0:04:24  lr: 0.001971  loss: 4.5214 (4.9384)  time: 1.1238  data: 0.0006  max mem: 19731
Epoch: [24]  [500/625]  eta: 0:02:25  lr: 0.001971  loss: 5.2276 (4.9262)  time: 1.1052  data: 0.0006  max mem: 19731
Epoch: [24]  [600/625]  eta: 0:00:28  lr: 0.001971  loss: 4.8029 (4.9327)  time: 1.0929  data: 0.0005  max mem: 19731
Epoch: [24]  [624/625]  eta: 0:00:01  lr: 0.001971  loss: 5.1903 (4.9381)  time: 1.0329  data: 0.0012  max mem: 19731
Epoch: [24] Total time: 0:11:58 (1.1493 s / it)
Averaged stats: lr: 0.001971  loss: 5.1903 (4.9398)
Test:  [ 0/98]  eta: 0:22:16  loss: 1.5535 (1.5535)  acc1: 65.0391 (65.0391)  acc5: 88.6719 (88.6719)  time: 13.6392  data: 13.2900  max mem: 19731
Test:  [10/98]  eta: 0:02:58  loss: 1.7708 (1.8165)  acc1: 60.3516 (60.1740)  acc5: 86.1328 (83.3807)  time: 2.0297  data: 1.7657  max mem: 19731
Test:  [20/98]  eta: 0:02:01  loss: 2.0092 (1.8848)  acc1: 53.3203 (57.2359)  acc5: 81.4453 (83.0357)  time: 0.9596  data: 0.7039  max mem: 19731
Test:  [30/98]  eta: 0:01:35  loss: 1.9859 (1.8890)  acc1: 53.3203 (56.2689)  acc5: 81.8359 (83.3417)  time: 1.0636  data: 0.8065  max mem: 19731
Test:  [40/98]  eta: 0:01:15  loss: 1.8726 (1.8986)  acc1: 55.2734 (56.7359)  acc5: 83.0078 (83.0316)  time: 1.0293  data: 0.7720  max mem: 19731
Test:  [50/98]  eta: 0:00:59  loss: 2.4860 (2.0709)  acc1: 47.2656 (53.8909)  acc5: 70.8984 (80.1739)  time: 0.9753  data: 0.7167  max mem: 19731
Test:  [60/98]  eta: 0:00:45  loss: 2.6910 (2.1660)  acc1: 43.9453 (52.7280)  acc5: 70.3125 (78.3491)  time: 0.9538  data: 0.6973  max mem: 19731
Test:  [70/98]  eta: 0:00:32  loss: 2.6128 (2.2445)  acc1: 45.1172 (51.3452)  acc5: 69.1406 (76.9806)  time: 0.9850  data: 0.7285  max mem: 19731
Test:  [80/98]  eta: 0:00:20  loss: 2.7604 (2.3244)  acc1: 43.1641 (50.0965)  acc5: 66.0156 (75.5908)  time: 0.9869  data: 0.7253  max mem: 19731
Test:  [90/98]  eta: 0:00:08  loss: 2.9030 (2.3797)  acc1: 40.6250 (48.9912)  acc5: 65.2344 (74.6759)  time: 0.9246  data: 0.6609  max mem: 19731
Test:  [97/98]  eta: 0:00:01  loss: 2.6011 (2.3495)  acc1: 43.9453 (49.5600)  acc5: 70.3125 (75.1420)  time: 0.7996  data: 0.5480  max mem: 19731
Test: Total time: 0:01:44 (1.0705 s / it)
* Acc@1 49.560 Acc@5 75.142 loss 2.350
Accuracy of the network on the 50000 test images: 49.6%
Max accuracy: 49.56%
Epoch: [25]  [  0/625]  eta: 2:31:48  lr: 0.001969  loss: 5.4252 (5.4252)  time: 14.5739  data: 13.1347  max mem: 19731
Epoch: [25]  [100/625]  eta: 0:10:54  lr: 0.001969  loss: 4.8164 (4.8790)  time: 1.1150  data: 0.0005  max mem: 19731
Epoch: [25]  [200/625]  eta: 0:08:17  lr: 0.001969  loss: 4.9316 (4.9184)  time: 1.0951  data: 0.0005  max mem: 19731
Epoch: [25]  [300/625]  eta: 0:06:13  lr: 0.001969  loss: 4.0630 (4.9252)  time: 1.1051  data: 0.0005  max mem: 19731
Epoch: [25]  [400/625]  eta: 0:04:14  lr: 0.001969  loss: 4.8295 (4.9026)  time: 1.1803  data: 0.0006  max mem: 19731
Epoch: [25]  [500/625]  eta: 0:02:23  lr: 0.001969  loss: 4.9483 (4.9004)  time: 1.2044  data: 0.0006  max mem: 19731
Epoch: [25]  [600/625]  eta: 0:00:29  lr: 0.001969  loss: 5.2528 (4.9104)  time: 1.2058  data: 0.0007  max mem: 19731
Epoch: [25]  [624/625]  eta: 0:00:01  lr: 0.001969  loss: 4.5535 (4.9045)  time: 1.0527  data: 0.0014  max mem: 19731
Epoch: [25] Total time: 0:12:04 (1.1586 s / it)
Averaged stats: lr: 0.001969  loss: 4.5535 (4.9198)
Test:  [ 0/98]  eta: 0:28:10  loss: 1.6926 (1.6926)  acc1: 63.6719 (63.6719)  acc5: 85.9375 (85.9375)  time: 17.2461  data: 16.9181  max mem: 19731
Test:  [10/98]  eta: 0:03:25  loss: 1.6926 (1.8415)  acc1: 63.6719 (59.8899)  acc5: 85.5469 (82.3864)  time: 2.3381  data: 2.0249  max mem: 19731
Test:  [20/98]  eta: 0:02:16  loss: 1.9257 (1.9176)  acc1: 55.6641 (57.2545)  acc5: 80.8594 (81.8080)  time: 0.9690  data: 0.6562  max mem: 19731
Test:  [30/98]  eta: 0:01:45  loss: 1.9159 (1.9177)  acc1: 51.9531 (56.0421)  acc5: 82.0312 (82.4975)  time: 1.1105  data: 0.7852  max mem: 19731
Test:  [40/98]  eta: 0:01:23  loss: 1.8540 (1.9105)  acc1: 54.2969 (56.7550)  acc5: 83.7891 (82.4838)  time: 1.1192  data: 0.7873  max mem: 19731
Test:  [50/98]  eta: 0:01:05  loss: 2.4970 (2.0961)  acc1: 48.6328 (53.4965)  acc5: 70.8984 (79.4960)  time: 1.0712  data: 0.7561  max mem: 19731
Test:  [60/98]  eta: 0:00:49  loss: 2.7365 (2.1753)  acc1: 40.0391 (52.4046)  acc5: 68.7500 (77.9457)  time: 1.0489  data: 0.7349  max mem: 19731
Test:  [70/98]  eta: 0:00:35  loss: 2.6817 (2.2481)  acc1: 42.3828 (50.9381)  acc5: 69.3359 (76.6890)  time: 1.0925  data: 0.7727  max mem: 19731
Test:  [80/98]  eta: 0:00:22  loss: 2.7410 (2.3136)  acc1: 42.3828 (50.0217)  acc5: 68.3594 (75.5546)  time: 1.1050  data: 0.7892  max mem: 19731
Test:  [90/98]  eta: 0:00:09  loss: 2.7895 (2.3645)  acc1: 42.1875 (48.9698)  acc5: 67.1875 (74.7253)  time: 1.0087  data: 0.6915  max mem: 19731
Test:  [97/98]  eta: 0:00:01  loss: 2.4556 (2.3344)  acc1: 45.7031 (49.5760)  acc5: 72.6562 (75.1740)  time: 0.8703  data: 0.5706  max mem: 19731
Test: Total time: 0:01:54 (1.1710 s / it)
* Acc@1 49.576 Acc@5 75.174 loss 2.334
Accuracy of the network on the 50000 test images: 49.6%
Max accuracy: 49.58%
Epoch: [26]  [  0/625]  eta: 2:59:59  lr: 0.001966  loss: 5.2605 (5.2605)  time: 17.2785  data: 16.0631  max mem: 19731
Epoch: [26]  [100/625]  eta: 0:12:07  lr: 0.001966  loss: 4.8701 (4.8471)  time: 1.1864  data: 0.0006  max mem: 19731
Epoch: [26]  [200/625]  eta: 0:09:09  lr: 0.001966  loss: 5.1040 (4.8559)  time: 1.1903  data: 0.0008  max mem: 19731
Epoch: [26]  [300/625]  eta: 0:06:48  lr: 0.001966  loss: 4.7806 (4.8630)  time: 1.1855  data: 0.0007  max mem: 19731
Epoch: [26]  [400/625]  eta: 0:04:38  lr: 0.001966  loss: 5.2450 (4.8666)  time: 1.1978  data: 0.0007  max mem: 19731
Epoch: [26]  [500/625]  eta: 0:02:33  lr: 0.001966  loss: 5.0899 (4.8732)  time: 1.1967  data: 0.0011  max mem: 19731
Epoch: [26]  [600/625]  eta: 0:00:30  lr: 0.001966  loss: 5.2251 (4.8849)  time: 1.1747  data: 0.0006  max mem: 19731
Epoch: [26]  [624/625]  eta: 0:00:01  lr: 0.001966  loss: 5.1045 (4.8830)  time: 1.0454  data: 0.0020  max mem: 19731
Epoch: [26] Total time: 0:12:41 (1.2180 s / it)
Averaged stats: lr: 0.001966  loss: 5.1045 (4.8912)
Test:  [ 0/98]  eta: 0:24:28  loss: 1.6491 (1.6491)  acc1: 65.4297 (65.4297)  acc5: 87.3047 (87.3047)  time: 14.9878  data: 14.6678  max mem: 19731
Test:  [10/98]  eta: 0:03:23  loss: 1.7862 (1.8140)  acc1: 59.1797 (60.8132)  acc5: 86.5234 (83.2919)  time: 2.3120  data: 2.0006  max mem: 19731
Test:  [20/98]  eta: 0:02:15  loss: 1.9120 (1.8684)  acc1: 56.0547 (58.1938)  acc5: 82.6172 (83.3147)  time: 1.0807  data: 0.7823  max mem: 19731
Test:  [30/98]  eta: 0:01:45  loss: 1.9059 (1.8411)  acc1: 56.0547 (57.6865)  acc5: 84.1797 (84.1419)  time: 1.1438  data: 0.8500  max mem: 19731
Test:  [40/98]  eta: 0:01:24  loss: 1.7428 (1.8490)  acc1: 57.6172 (57.9030)  acc5: 84.5703 (83.8367)  time: 1.1474  data: 0.8454  max mem: 19731
Test:  [50/98]  eta: 0:01:06  loss: 2.4863 (2.0183)  acc1: 46.8750 (54.6530)  acc5: 72.0703 (81.0164)  time: 1.0943  data: 0.7972  max mem: 19731
Test:  [60/98]  eta: 0:00:50  loss: 2.6193 (2.1048)  acc1: 41.0156 (53.4196)  acc5: 70.8984 (79.4025)  time: 1.0515  data: 0.7637  max mem: 19731
Test:  [70/98]  eta: 0:00:36  loss: 2.6344 (2.1840)  acc1: 43.9453 (52.1292)  acc5: 67.7734 (78.0012)  time: 1.1163  data: 0.8322  max mem: 19731
Test:  [80/98]  eta: 0:00:22  loss: 2.7105 (2.2529)  acc1: 42.9688 (51.0971)  acc5: 67.7734 (76.8229)  time: 1.0649  data: 0.7782  max mem: 19731
Test:  [90/98]  eta: 0:00:09  loss: 2.7546 (2.3030)  acc1: 42.1875 (50.0107)  acc5: 66.9922 (76.0088)  time: 0.9204  data: 0.6249  max mem: 19731
Test:  [97/98]  eta: 0:00:01  loss: 2.5101 (2.2757)  acc1: 46.4844 (50.6440)  acc5: 72.4609 (76.4160)  time: 0.8416  data: 0.5586  max mem: 19731
Test: Total time: 0:01:54 (1.1661 s / it)
* Acc@1 50.644 Acc@5 76.416 loss 2.276
Accuracy of the network on the 50000 test images: 50.6%
Max accuracy: 50.64%
Epoch: [27]  [  0/625]  eta: 2:45:46  lr: 0.001963  loss: 5.2637 (5.2637)  time: 15.9140  data: 14.6961  max mem: 19731
Epoch: [27]  [100/625]  eta: 0:11:44  lr: 0.001963  loss: 4.8554 (4.8224)  time: 1.1647  data: 0.0008  max mem: 19731
Epoch: [27]  [200/625]  eta: 0:08:53  lr: 0.001963  loss: 4.8907 (4.7965)  time: 1.1663  data: 0.0005  max mem: 19731
Epoch: [27]  [300/625]  eta: 0:06:36  lr: 0.001963  loss: 4.9678 (4.8440)  time: 1.1421  data: 0.0006  max mem: 19731
Epoch: [27]  [400/625]  eta: 0:04:31  lr: 0.001963  loss: 4.8640 (4.8348)  time: 1.1363  data: 0.0006  max mem: 19731
Epoch: [27]  [500/625]  eta: 0:02:29  lr: 0.001963  loss: 4.9151 (4.8451)  time: 1.1712  data: 0.0007  max mem: 19731
Epoch: [27]  [600/625]  eta: 0:00:29  lr: 0.001963  loss: 4.9178 (4.8418)  time: 1.1316  data: 0.0006  max mem: 19731
Epoch: [27]  [624/625]  eta: 0:00:01  lr: 0.001963  loss: 5.2655 (4.8440)  time: 1.0479  data: 0.0018  max mem: 19731
Epoch: [27] Total time: 0:12:19 (1.1840 s / it)
Averaged stats: lr: 0.001963  loss: 5.2655 (4.8585)
Test:  [ 0/98]  eta: 0:25:46  loss: 1.7011 (1.7011)  acc1: 59.7656 (59.7656)  acc5: 85.5469 (85.5469)  time: 15.7798  data: 15.4488  max mem: 19731
Test:  [10/98]  eta: 0:03:25  loss: 1.7011 (1.7848)  acc1: 61.9141 (60.0320)  acc5: 85.1562 (83.1321)  time: 2.3304  data: 2.0332  max mem: 19731
Test:  [20/98]  eta: 0:02:17  loss: 1.8492 (1.8470)  acc1: 55.2734 (57.7381)  acc5: 83.0078 (83.0078)  time: 1.0640  data: 0.7741  max mem: 19731
Test:  [30/98]  eta: 0:01:44  loss: 1.8494 (1.8436)  acc1: 55.2734 (57.1951)  acc5: 83.0078 (83.5748)  time: 1.1008  data: 0.8115  max mem: 19731
Test:  [40/98]  eta: 0:01:22  loss: 1.7345 (1.8328)  acc1: 58.5938 (58.0030)  acc5: 85.1562 (83.7081)  time: 1.0762  data: 0.7777  max mem: 19731
Test:  [50/98]  eta: 0:01:05  loss: 2.5389 (2.0110)  acc1: 44.3359 (54.7373)  acc5: 72.2656 (80.8096)  time: 1.0725  data: 0.7697  max mem: 19731
Test:  [60/98]  eta: 0:00:49  loss: 2.6602 (2.0933)  acc1: 41.4062 (53.7398)  acc5: 70.7031 (79.3513)  time: 1.0708  data: 0.7821  max mem: 19731
Test:  [70/98]  eta: 0:00:35  loss: 2.5231 (2.1679)  acc1: 45.3125 (52.3245)  acc5: 70.7031 (78.0727)  time: 1.0767  data: 0.7910  max mem: 19731
Test:  [80/98]  eta: 0:00:22  loss: 2.7037 (2.2447)  acc1: 42.7734 (51.1502)  acc5: 68.3594 (76.7602)  time: 1.0262  data: 0.7303  max mem: 19731
Test:  [90/98]  eta: 0:00:09  loss: 2.7796 (2.2936)  acc1: 41.9922 (50.2082)  acc5: 66.2109 (75.9444)  time: 0.9633  data: 0.6683  max mem: 19731
Test:  [97/98]  eta: 0:00:01  loss: 2.4172 (2.2615)  acc1: 48.6328 (50.8520)  acc5: 72.8516 (76.3800)  time: 0.8547  data: 0.5757  max mem: 19731
Test: Total time: 0:01:53 (1.1603 s / it)
* Acc@1 50.852 Acc@5 76.380 loss 2.261
Accuracy of the network on the 50000 test images: 50.9%
Max accuracy: 50.85%
Epoch: [28]  [  0/625]  eta: 2:20:51  lr: 0.001960  loss: 3.8514 (3.8514)  time: 13.5223  data: 12.1711  max mem: 19731
Epoch: [28]  [100/625]  eta: 0:11:47  lr: 0.001960  loss: 5.0106 (4.8778)  time: 1.1406  data: 0.0008  max mem: 19731
Epoch: [28]  [200/625]  eta: 0:08:51  lr: 0.001960  loss: 4.4887 (4.8434)  time: 1.1664  data: 0.0009  max mem: 19731
Epoch: [28]  [300/625]  eta: 0:06:36  lr: 0.001960  loss: 4.7052 (4.8458)  time: 1.1630  data: 0.0008  max mem: 19731
Epoch: [28]  [400/625]  eta: 0:04:30  lr: 0.001960  loss: 5.1568 (4.8421)  time: 1.1528  data: 0.0008  max mem: 19731
Epoch: [28]  [500/625]  eta: 0:02:28  lr: 0.001960  loss: 4.7042 (4.8368)  time: 1.1385  data: 0.0007  max mem: 19731
Epoch: [28]  [600/625]  eta: 0:00:29  lr: 0.001960  loss: 5.3409 (4.8528)  time: 1.2262  data: 0.0006  max mem: 19731
Epoch: [28]  [624/625]  eta: 0:00:01  lr: 0.001960  loss: 4.9292 (4.8518)  time: 1.0203  data: 0.0015  max mem: 19731
Epoch: [28] Total time: 0:12:17 (1.1804 s / it)
Averaged stats: lr: 0.001960  loss: 4.9292 (4.8428)
Test:  [ 0/98]  eta: 0:25:13  loss: 1.6579 (1.6579)  acc1: 62.5000 (62.5000)  acc5: 86.1328 (86.1328)  time: 15.4417  data: 15.0660  max mem: 19731
Test:  [10/98]  eta: 0:03:16  loss: 1.6579 (1.7840)  acc1: 62.6953 (61.0973)  acc5: 86.1328 (83.2386)  time: 2.2368  data: 1.9464  max mem: 19731
Test:  [20/98]  eta: 0:02:14  loss: 1.9140 (1.8617)  acc1: 53.7109 (57.9055)  acc5: 81.4453 (83.1287)  time: 1.0389  data: 0.7606  max mem: 19731
Test:  [30/98]  eta: 0:01:44  loss: 1.8727 (1.8432)  acc1: 55.0781 (57.6361)  acc5: 84.5703 (83.9970)  time: 1.1606  data: 0.8692  max mem: 19731
Test:  [40/98]  eta: 0:01:22  loss: 1.8192 (1.8536)  acc1: 56.4453 (57.8697)  acc5: 84.7656 (83.6223)  time: 1.1124  data: 0.8119  max mem: 19731
Test:  [50/98]  eta: 0:01:04  loss: 2.4976 (2.0201)  acc1: 45.1172 (54.8292)  acc5: 73.0469 (80.8479)  time: 1.0316  data: 0.7386  max mem: 19731
Test:  [60/98]  eta: 0:00:48  loss: 2.6470 (2.0998)  acc1: 44.1406 (53.6533)  acc5: 69.5312 (79.3065)  time: 1.0081  data: 0.7266  max mem: 19731
Test:  [70/98]  eta: 0:00:35  loss: 2.5120 (2.1664)  acc1: 44.7266 (52.3823)  acc5: 70.7031 (78.1800)  time: 1.0673  data: 0.7858  max mem: 19731
Test:  [80/98]  eta: 0:00:22  loss: 2.6606 (2.2402)  acc1: 42.9688 (51.2973)  acc5: 69.3359 (76.8470)  time: 1.0774  data: 0.7761  max mem: 19731
Test:  [90/98]  eta: 0:00:09  loss: 2.7284 (2.2897)  acc1: 41.9922 (50.3391)  acc5: 67.1875 (76.0130)  time: 0.9689  data: 0.6657  max mem: 19731
Test:  [97/98]  eta: 0:00:01  loss: 2.5207 (2.2617)  acc1: 46.4844 (50.9360)  acc5: 72.8516 (76.4420)  time: 0.8376  data: 0.5502  max mem: 19731
Test: Total time: 0:01:52 (1.1484 s / it)
* Acc@1 50.936 Acc@5 76.442 loss 2.262
Accuracy of the network on the 50000 test images: 50.9%
Max accuracy: 50.94%
Epoch: [29]  [  0/625]  eta: 3:00:47  lr: 0.001958  loss: 4.3587 (4.3587)  time: 17.3556  data: 15.2816  max mem: 19731
Epoch: [29]  [100/625]  eta: 0:11:33  lr: 0.001958  loss: 4.9835 (4.8778)  time: 1.1581  data: 0.0007  max mem: 19731
Epoch: [29]  [200/625]  eta: 0:08:42  lr: 0.001958  loss: 5.0412 (4.9218)  time: 1.1428  data: 0.0006  max mem: 19731
Epoch: [29]  [300/625]  eta: 0:06:29  lr: 0.001958  loss: 4.9752 (4.8970)  time: 1.1478  data: 0.0006  max mem: 19731
Epoch: [29]  [400/625]  eta: 0:04:27  lr: 0.001958  loss: 4.9686 (4.8811)  time: 1.1566  data: 0.0007  max mem: 19731
Epoch: [29]  [500/625]  eta: 0:02:26  lr: 0.001958  loss: 4.9426 (4.8536)  time: 1.1253  data: 0.0006  max mem: 19731
Epoch: [29]  [600/625]  eta: 0:00:29  lr: 0.001958  loss: 4.6346 (4.8443)  time: 1.1197  data: 0.0005  max mem: 19731
Epoch: [29]  [624/625]  eta: 0:00:01  lr: 0.001958  loss: 4.6126 (4.8409)  time: 1.0460  data: 0.0014  max mem: 19731
Epoch: [29] Total time: 0:12:08 (1.1663 s / it)
Averaged stats: lr: 0.001958  loss: 4.6126 (4.8450)
Test:  [ 0/98]  eta: 0:24:08  loss: 1.6312 (1.6312)  acc1: 64.6484 (64.6484)  acc5: 86.5234 (86.5234)  time: 14.7785  data: 14.4221  max mem: 19731
Test:  [10/98]  eta: 0:03:15  loss: 1.6518 (1.7505)  acc1: 64.6484 (62.1094)  acc5: 85.5469 (84.0732)  time: 2.2213  data: 1.9168  max mem: 19731
Test:  [20/98]  eta: 0:02:13  loss: 2.0119 (1.8719)  acc1: 52.9297 (57.8404)  acc5: 82.8125 (83.1287)  time: 1.0555  data: 0.7679  max mem: 19731
Test:  [30/98]  eta: 0:01:42  loss: 1.8208 (1.8386)  acc1: 54.6875 (57.9511)  acc5: 85.1562 (84.2742)  time: 1.1173  data: 0.8400  max mem: 19731
Test:  [40/98]  eta: 0:01:19  loss: 1.7707 (1.8395)  acc1: 58.3984 (58.3841)  acc5: 85.9375 (84.1273)  time: 1.0234  data: 0.7475  max mem: 19731
Test:  [50/98]  eta: 0:01:02  loss: 2.4326 (2.0058)  acc1: 47.2656 (55.2964)  acc5: 72.0703 (81.3343)  time: 0.9569  data: 0.6866  max mem: 19731
Test:  [60/98]  eta: 0:00:47  loss: 2.6512 (2.0863)  acc1: 42.9688 (54.2328)  acc5: 70.5078 (79.8348)  time: 0.9617  data: 0.7038  max mem: 19731
Test:  [70/98]  eta: 0:00:33  loss: 2.6168 (2.1600)  acc1: 44.3359 (52.8472)  acc5: 71.2891 (78.7082)  time: 0.9933  data: 0.7410  max mem: 19731
Test:  [80/98]  eta: 0:00:21  loss: 2.6585 (2.2296)  acc1: 44.3359 (51.7626)  acc5: 69.3359 (77.4306)  time: 0.9779  data: 0.7193  max mem: 19731
Test:  [90/98]  eta: 0:00:09  loss: 2.6550 (2.2771)  acc1: 42.9688 (50.8134)  acc5: 68.9453 (76.6569)  time: 0.9228  data: 0.6634  max mem: 19731
Test:  [97/98]  eta: 0:00:01  loss: 2.4414 (2.2466)  acc1: 46.8750 (51.4420)  acc5: 73.0469 (77.0880)  time: 0.8176  data: 0.5672  max mem: 19731
Test: Total time: 0:01:48 (1.1026 s / it)
* Acc@1 51.442 Acc@5 77.088 loss 2.247
Accuracy of the network on the 50000 test images: 51.4%
Max accuracy: 51.44%
Epoch: [30]  [  0/625]  eta: 2:30:00  lr: 0.001954  loss: 3.5982 (3.5982)  time: 14.4013  data: 12.7311  max mem: 19731
Epoch: [30]  [100/625]  eta: 0:10:53  lr: 0.001954  loss: 4.7267 (4.7809)  time: 1.0891  data: 0.0006  max mem: 19731
Epoch: [30]  [200/625]  eta: 0:08:19  lr: 0.001954  loss: 4.7248 (4.8251)  time: 1.1124  data: 0.0007  max mem: 19731
Epoch: [30]  [300/625]  eta: 0:06:13  lr: 0.001954  loss: 4.5776 (4.8024)  time: 1.0998  data: 0.0005  max mem: 19731
Epoch: [30]  [400/625]  eta: 0:04:15  lr: 0.001954  loss: 4.6799 (4.8193)  time: 1.1106  data: 0.0004  max mem: 19731
Epoch: [30]  [500/625]  eta: 0:02:21  lr: 0.001954  loss: 5.0604 (4.8460)  time: 1.1082  data: 0.0005  max mem: 19731
Epoch: [30]  [600/625]  eta: 0:00:28  lr: 0.001954  loss: 4.9788 (4.8291)  time: 1.0679  data: 0.0003  max mem: 19731
Epoch: [30]  [624/625]  eta: 0:00:01  lr: 0.001954  loss: 4.7124 (4.8270)  time: 1.0232  data: 0.0009  max mem: 19731
Epoch: [30] Total time: 0:11:39 (1.1186 s / it)
Averaged stats: lr: 0.001954  loss: 4.7124 (4.8279)
Test:  [ 0/98]  eta: 0:32:50  loss: 1.5597 (1.5597)  acc1: 64.2578 (64.2578)  acc5: 86.5234 (86.5234)  time: 20.1106  data: 19.8079  max mem: 19731
Test:  [10/98]  eta: 0:03:41  loss: 1.5953 (1.7539)  acc1: 62.3047 (61.8253)  acc5: 86.5234 (83.7536)  time: 2.5164  data: 2.2061  max mem: 19731
Test:  [20/98]  eta: 0:02:20  loss: 1.8241 (1.7958)  acc1: 58.2031 (59.2169)  acc5: 83.7891 (83.7984)  time: 0.8800  data: 0.5701  max mem: 19731
Test:  [30/98]  eta: 0:01:50  loss: 1.7967 (1.7679)  acc1: 55.8594 (58.7954)  acc5: 85.5469 (84.8034)  time: 1.1244  data: 0.8041  max mem: 19731
Test:  [40/98]  eta: 0:01:29  loss: 1.7187 (1.7682)  acc1: 57.8125 (59.0749)  acc5: 86.1328 (84.6656)  time: 1.2644  data: 0.9371  max mem: 19731
Test:  [50/98]  eta: 0:01:08  loss: 2.1691 (1.9313)  acc1: 51.1719 (56.0738)  acc5: 75.1953 (82.1078)  time: 1.1565  data: 0.8280  max mem: 19731
Test:  [60/98]  eta: 0:00:52  loss: 2.5337 (2.0067)  acc1: 42.7734 (54.9308)  acc5: 72.8516 (80.7569)  time: 1.0281  data: 0.7037  max mem: 19731
Test:  [70/98]  eta: 0:00:37  loss: 2.5074 (2.0772)  acc1: 46.6797 (53.7219)  acc5: 72.8516 (79.6132)  time: 1.0644  data: 0.7508  max mem: 19731
Test:  [80/98]  eta: 0:00:23  loss: 2.5970 (2.1490)  acc1: 44.3359 (52.6789)  acc5: 69.3359 (78.3155)  time: 1.0543  data: 0.7346  max mem: 19731
Test:  [90/98]  eta: 0:00:10  loss: 2.7172 (2.1980)  acc1: 44.1406 (51.6827)  acc5: 68.3594 (77.4940)  time: 0.9767  data: 0.6621  max mem: 19731
Test:  [97/98]  eta: 0:00:01  loss: 2.3189 (2.1703)  acc1: 48.8281 (52.2480)  acc5: 73.6328 (77.8680)  time: 0.8252  data: 0.5365  max mem: 19731
Test: Total time: 0:01:56 (1.1912 s / it)
* Acc@1 52.248 Acc@5 77.868 loss 2.170
Accuracy of the network on the 50000 test images: 52.2%
Max accuracy: 52.25%
Epoch: [31]  [  0/625]  eta: 3:35:59  lr: 0.001951  loss: 5.4488 (5.4488)  time: 20.7356  data: 19.6315  max mem: 19731
Epoch: [31]  [100/625]  eta: 0:12:29  lr: 0.001951  loss: 5.0627 (4.8481)  time: 1.2153  data: 0.0011  max mem: 19731
Epoch: [31]  [200/625]  eta: 0:09:24  lr: 0.001951  loss: 4.9307 (4.8468)  time: 1.2210  data: 0.0008  max mem: 19731
Epoch: [31]  [300/625]  eta: 0:07:01  lr: 0.001951  loss: 4.8875 (4.8228)  time: 1.2276  data: 0.0008  max mem: 19731
Epoch: [31]  [400/625]  eta: 0:04:47  lr: 0.001951  loss: 5.1261 (4.8256)  time: 1.1975  data: 0.0009  max mem: 19731
Epoch: [31]  [500/625]  eta: 0:02:37  lr: 0.001951  loss: 4.9334 (4.8073)  time: 1.1889  data: 0.0008  max mem: 19731
Epoch: [31]  [600/625]  eta: 0:00:31  lr: 0.001951  loss: 4.7674 (4.8138)  time: 1.2014  data: 0.0007  max mem: 19731
Epoch: [31]  [624/625]  eta: 0:00:01  lr: 0.001951  loss: 4.6372 (4.8096)  time: 1.0510  data: 0.0025  max mem: 19731
Epoch: [31] Total time: 0:12:55 (1.2409 s / it)
Averaged stats: lr: 0.001951  loss: 4.6372 (4.7933)
Test:  [ 0/98]  eta: 0:27:11  loss: 1.5075 (1.5075)  acc1: 66.2109 (66.2109)  acc5: 89.0625 (89.0625)  time: 16.6447  data: 16.3174  max mem: 19731
Test:  [10/98]  eta: 0:03:18  loss: 1.5403 (1.7310)  acc1: 65.6250 (62.0561)  acc5: 87.3047 (83.9844)  time: 2.2548  data: 1.9688  max mem: 19731
Test:  [20/98]  eta: 0:02:16  loss: 1.7798 (1.7753)  acc1: 59.3750 (59.8493)  acc5: 84.9609 (84.1797)  time: 1.0080  data: 0.7215  max mem: 19731
Test:  [30/98]  eta: 0:01:46  loss: 1.7270 (1.7641)  acc1: 58.5938 (59.3309)  acc5: 85.7422 (84.8223)  time: 1.1773  data: 0.8771  max mem: 19731
Test:  [40/98]  eta: 0:01:24  loss: 1.7219 (1.7699)  acc1: 59.7656 (59.7799)  acc5: 85.1562 (84.5322)  time: 1.1292  data: 0.8210  max mem: 19731
Test:  [50/98]  eta: 0:01:05  loss: 2.3449 (1.9343)  acc1: 48.6328 (56.6406)  acc5: 72.6562 (81.7862)  time: 1.0506  data: 0.7435  max mem: 19731
Test:  [60/98]  eta: 0:00:49  loss: 2.5146 (2.0143)  acc1: 44.1406 (55.5520)  acc5: 71.2891 (80.2702)  time: 1.0151  data: 0.7111  max mem: 19731
Test:  [70/98]  eta: 0:00:35  loss: 2.4849 (2.0835)  acc1: 45.5078 (54.2171)  acc5: 71.8750 (79.1401)  time: 1.0962  data: 0.7859  max mem: 19731
Test:  [80/98]  eta: 0:00:22  loss: 2.5508 (2.1542)  acc1: 44.5312 (53.0454)  acc5: 69.5312 (77.8260)  time: 1.0823  data: 0.7734  max mem: 19731
Test:  [90/98]  eta: 0:00:09  loss: 2.6489 (2.2127)  acc1: 44.5312 (51.7084)  acc5: 67.3828 (76.8909)  time: 0.9726  data: 0.6707  max mem: 19731
Test:  [97/98]  eta: 0:00:01  loss: 2.3168 (2.1812)  acc1: 48.2422 (52.3280)  acc5: 73.8281 (77.3200)  time: 0.8664  data: 0.5795  max mem: 19731
Test: Total time: 0:01:54 (1.1716 s / it)
* Acc@1 52.328 Acc@5 77.320 loss 2.181
Accuracy of the network on the 50000 test images: 52.3%
Max accuracy: 52.33%
Epoch: [32]  [  0/625]  eta: 2:49:00  lr: 0.001948  loss: 5.4132 (5.4132)  time: 16.2248  data: 14.7592  max mem: 19731
Epoch: [32]  [100/625]  eta: 0:11:51  lr: 0.001948  loss: 5.1630 (4.9224)  time: 1.1852  data: 0.0010  max mem: 19731
Epoch: [32]  [200/625]  eta: 0:08:59  lr: 0.001948  loss: 4.6275 (4.8030)  time: 1.2065  data: 0.0006  max mem: 19731
Epoch: [32]  [300/625]  eta: 0:06:39  lr: 0.001948  loss: 5.1236 (4.8012)  time: 1.1630  data: 0.0009  max mem: 19731
Epoch: [32]  [400/625]  eta: 0:04:32  lr: 0.001948  loss: 4.7356 (4.7926)  time: 1.1412  data: 0.0007  max mem: 19731
